1.5443 	WARNING 	We strongly recommend you activate the PTB sound engine in PsychoPy prefs as the preferred audio engine. Its timing is vastly superior. Your prefs are currently set to use ['sounddevice', 'PTB', 'pyo', 'pygame'] (in that order).
7.4642 	WARNING 	User requested fullscreen with size [1280  720], but screen is actually [3840, 2160]. Using actual size
10.3303 	EXP 	Created window1 = Window(allowGUI=False, allowStencil=False, args=UNKNOWN, autoLog=True, bitsMode=UNKNOWN, blendMode='avg', bpc=(8, 8, 8), color=array([-1., -1., -1.]), colorSpace='rgb', depthBits=8, fullscr=<method-wrapper '__getattribute__' of attributeSetter object at 0x00000254EFE57C88>, gamma=None, gammaErrorPolicy='raise', kwargs=UNKNOWN, lms=UNKNOWN, monitor=<psychopy.monitors.calibTools.Monitor object at 0x00000254EFBF5828>, multiSample=False, name='window1', numSamples=2, pos=[0.0, 0.0], screen=1, size=array([3840, 2160]), stencilBits=0, stereo=False, units='height', useFBO=True, useRetina=False, viewOri=0.0, viewPos=None, viewScale=None, waitBlanking=True, winType='pyglet')
10.3303 	EXP 	window1: recordFrameIntervals = False
10.4966 	EXP 	window1: recordFrameIntervals = True
10.6799 	EXP 	window1: recordFrameIntervals = False
10.9686 	EXP 	Created Instr_CR_text = TextStim(__class__=<class 'psychopy.visual.text.TextStim'>, alignHoriz=method-wrapper(...), alignText='center', alignVert=method-wrapper(...), anchorHoriz='center', anchorVert='center', antialias=True, autoLog=True, bold=False, color='white', colorSpace='named', contrast=1.0, depth=0.0, flipHoriz=False, flipVert=False, font='Arial', fontFiles=[], height=0.05, italic=False, languageStyle='LTR', name='Instr_CR_text', opacity=1.0, ori=0, pos=array([0., 0.]), rgb=array([255., 255., 255.]), text=str(...), units='height', win=Window(...), wrapWidth=1)
10.9817 	EXP 	Created circle_frame = Polygon(__class__=<class 'psychopy.visual.polygon.Polygon'>, autoDraw=False, autoLog=True, closeShape=True, color=method-wrapper(...), colorSpace=None, contrast=1.0, depth=0.0, fillColor=array([-1., -1., -1.]), fillColorSpace='rgb', fillRGB=array([-1., -1., -1.]), interpolate=True, lineColor=array([1., 1., 1.]), lineColorSpace='rgb', lineRGB=array([1., 1., 1.]), lineWidth=10, name='circle_frame', opacity=1.0, ori=array(0.), pos=array([0., 0.]), size=array([0.3, 0.3]), units='height', vertices=ndarray(...), win=Window(...))
10.9844 	EXP 	Created stim_image = ImageStim(__class__=<class 'psychopy.visual.image.ImageStim'>, autoLog=True, color=array([1., 1., 1.]), colorSpace='rgb', contrast=1.0, depth=-1.0, flipHoriz=False, flipVert=False, image='sin', interpolate=False, mask=None, maskParams=None, name='stim_image', opacity=1.0, ori=0.0, pos=array([0., 0.]), size=array([0.25, 0.25]), texRes=128, units='height', win=Window(...))
10.9940 	EXP 	Created feedback_circle = Polygon(__class__=<class 'psychopy.visual.polygon.Polygon'>, autoDraw=False, autoLog=True, closeShape=True, color=method-wrapper(...), colorSpace=None, contrast=1.0, depth=0.0, fillColor=array([-1., -1., -1.]), fillColorSpace='rgb', fillRGB=array([-1., -1., -1.]), interpolate=True, lineColor=array([1., 1., 1.]), lineColorSpace='rgb', lineRGB=array([1., 1., 1.]), lineWidth=10, name='feedback_circle', opacity=1.0, ori=array(0.), pos=array([0., 0.]), size=array([0.3, 0.3]), units='height', vertices=ndarray(...), win=Window(...))
10.9962 	EXP 	Created feedback_image = ImageStim(__class__=<class 'psychopy.visual.image.ImageStim'>, autoLog=True, color='white', colorSpace='named', contrast=1.0, depth=-1.0, flipHoriz=False, flipVert=False, image='sin', interpolate=False, mask=None, maskParams=None, name='feedback_image', opacity=1.0, ori=0.0, pos=array([0., 0.]), size=array([0.25, 0.25]), texRes=128, units='height', win=Window(...))
11.0369 	EXP 	Instr_CR_text: autoDraw = True
11.5772 	EXP 	Imported conditions.xlsx as conditions, 8 conditions, 3 params
11.5775 	EXP 	Created sequence: random, trialTypes=8, nReps=1, seed=None
11.5777 	EXP 	New trial (rep=0, index=0): OrderedDict([('Stim', 'h'), ('CorrResp', 'l'), ('imStim', 'media/dhnb.png')])
11.5831 	DATA 	Keypress: h
11.5949 	EXP 	Instr_CR_text: autoDraw = False
11.5949 	EXP 	stim_image: image = 'media/dhnb.png'
11.5949 	EXP 	circle_frame: autoDraw = True
11.5949 	EXP 	stim_image: autoDraw = True
12.5068 	DATA 	Keypress: h
13.6316 	DATA 	Keypress: h
13.6760 	EXP 	circle_frame: autoDraw = False
13.6760 	EXP 	stim_image: autoDraw = False
13.6760 	EXP 	feedback_circle: lineColor = '[1. 1. 1.] (rgb)'
13.6760 	EXP 	feedback_image: color = '[ 1. -1. -1.] (rgb)'
13.6760 	EXP 	feedback_image: image = 'media/dhnb.png'
13.6760 	EXP 	feedback_circle: autoDraw = True
13.6760 	EXP 	feedback_image: autoDraw = True
14.6783 	EXP 	New trial (rep=0, index=1): OrderedDict([('Stim', 'c'), ('CorrResp', 'i'), ('imStim', 'media/dcnb.png')])
14.7028 	EXP 	feedback_circle: autoDraw = False
14.7028 	EXP 	feedback_image: autoDraw = False
14.7028 	EXP 	feedback_circle: autoDraw = False
14.7028 	EXP 	feedback_image: autoDraw = False
14.7028 	EXP 	stim_image: image = 'media/dcnb.png'
14.7028 	EXP 	circle_frame: autoDraw = True
14.7028 	EXP 	stim_image: autoDraw = True
15.7863 	DATA 	Keypress: u
15.8048 	EXP 	circle_frame: autoDraw = False
15.8048 	EXP 	stim_image: autoDraw = False
15.8048 	EXP 	feedback_circle: lineColor = '[1. 1. 1.] (rgb)'
15.8048 	EXP 	feedback_image: color = '[0.1 0.5 0.3] (rgb)'
15.8048 	EXP 	feedback_image: image = 'media/dcnb.png'
15.8048 	EXP 	feedback_circle: autoDraw = True
15.8048 	EXP 	feedback_image: autoDraw = True
16.1096 	EXP 	New trial (rep=0, index=2): OrderedDict([('Stim', 'g'), ('CorrResp', 'i'), ('imStim', 'media/dgnb.png')])
16.1304 	EXP 	feedback_circle: autoDraw = False
16.1304 	EXP 	feedback_image: autoDraw = False
16.1304 	EXP 	feedback_circle: autoDraw = False
16.1304 	EXP 	feedback_image: autoDraw = False
16.1304 	EXP 	stim_image: image = 'media/dgnb.png'
16.1304 	EXP 	circle_frame: autoDraw = True
16.1304 	EXP 	stim_image: autoDraw = True
16.6562 	DATA 	Keypress: i
16.6718 	EXP 	circle_frame: autoDraw = False
16.6718 	EXP 	stim_image: autoDraw = False
16.6718 	EXP 	feedback_circle: lineColor = '[1. 1. 1.] (rgb)'
16.6718 	EXP 	feedback_image: color = '[0.1 0.5 0.3] (rgb)'
16.6718 	EXP 	feedback_image: image = 'media/dgnb.png'
16.6718 	EXP 	feedback_circle: autoDraw = True
16.6718 	EXP 	feedback_image: autoDraw = True
16.9668 	EXP 	New trial (rep=0, index=3): OrderedDict([('Stim', 'f'), ('CorrResp', 'u'), ('imStim', 'media/dfnb.png')])
16.9883 	EXP 	feedback_circle: autoDraw = False
16.9883 	EXP 	feedback_image: autoDraw = False
16.9883 	EXP 	feedback_circle: autoDraw = False
16.9883 	EXP 	feedback_image: autoDraw = False
16.9883 	EXP 	stim_image: image = 'media/dfnb.png'
16.9883 	EXP 	circle_frame: autoDraw = True
16.9883 	EXP 	stim_image: autoDraw = True
17.6633 	DATA 	Keypress: l
17.6817 	EXP 	circle_frame: autoDraw = False
17.6817 	EXP 	stim_image: autoDraw = False
17.6817 	EXP 	feedback_circle: lineColor = '[1. 1. 1.] (rgb)'
17.6817 	EXP 	feedback_image: color = '[0.1 0.5 0.3] (rgb)'
17.6817 	EXP 	feedback_image: image = 'media/dfnb.png'
17.6817 	EXP 	feedback_circle: autoDraw = True
17.6817 	EXP 	feedback_image: autoDraw = True
17.9870 	EXP 	New trial (rep=0, index=4): OrderedDict([('Stim', 'd'), ('CorrResp', 'l'), ('imStim', 'media/ddnb.png')])
18.0045 	EXP 	feedback_circle: autoDraw = False
18.0045 	EXP 	feedback_image: autoDraw = False
18.0045 	EXP 	feedback_circle: autoDraw = False
18.0045 	EXP 	feedback_image: autoDraw = False
18.0045 	EXP 	stim_image: image = 'media/ddnb.png'
18.0045 	EXP 	circle_frame: autoDraw = True
18.0045 	EXP 	stim_image: autoDraw = True
18.4555 	DATA 	Keypress: h
18.4979 	EXP 	circle_frame: autoDraw = False
18.4979 	EXP 	stim_image: autoDraw = False
18.4979 	EXP 	feedback_circle: lineColor = '[1. 1. 1.] (rgb)'
18.4979 	EXP 	feedback_image: color = '[ 1. -1. -1.] (rgb)'
18.4979 	EXP 	feedback_image: image = 'media/ddnb.png'
18.4979 	EXP 	feedback_circle: autoDraw = True
18.4979 	EXP 	feedback_image: autoDraw = True
19.4913 	EXP 	New trial (rep=0, index=5): OrderedDict([('Stim', 'b'), ('CorrResp', 'u'), ('imStim', 'media/dbnb.png')])
19.5153 	EXP 	feedback_circle: autoDraw = False
19.5153 	EXP 	feedback_image: autoDraw = False
19.5153 	EXP 	feedback_circle: autoDraw = False
19.5153 	EXP 	feedback_image: autoDraw = False
19.5153 	EXP 	stim_image: image = 'media/dbnb.png'
19.5153 	EXP 	circle_frame: autoDraw = True
19.5153 	EXP 	stim_image: autoDraw = True
20.0997 	DATA 	Keypress: u
20.1183 	EXP 	circle_frame: autoDraw = False
20.1183 	EXP 	stim_image: autoDraw = False
20.1183 	EXP 	feedback_circle: lineColor = '[1. 1. 1.] (rgb)'
20.1183 	EXP 	feedback_image: color = '[0.1 0.5 0.3] (rgb)'
20.1183 	EXP 	feedback_image: image = 'media/dbnb.png'
20.1183 	EXP 	feedback_circle: autoDraw = True
20.1183 	EXP 	feedback_image: autoDraw = True
20.4080 	EXP 	New trial (rep=0, index=6): OrderedDict([('Stim', 'e'), ('CorrResp', 'h'), ('imStim', 'media/denb.png')])
20.4343 	EXP 	feedback_circle: autoDraw = False
20.4343 	EXP 	feedback_image: autoDraw = False
20.4343 	EXP 	feedback_circle: autoDraw = False
20.4343 	EXP 	feedback_image: autoDraw = False
20.4343 	EXP 	stim_image: image = 'media/denb.png'
20.4343 	EXP 	circle_frame: autoDraw = True
20.4343 	EXP 	stim_image: autoDraw = True
20.8895 	DATA 	Keypress: i
20.9046 	EXP 	circle_frame: autoDraw = False
20.9046 	EXP 	stim_image: autoDraw = False
20.9046 	EXP 	feedback_circle: lineColor = '[1. 1. 1.] (rgb)'
20.9046 	EXP 	feedback_image: color = '[0.1 0.5 0.3] (rgb)'
20.9046 	EXP 	feedback_image: image = 'media/denb.png'
20.9046 	EXP 	feedback_circle: autoDraw = True
20.9046 	EXP 	feedback_image: autoDraw = True
21.2109 	EXP 	New trial (rep=0, index=7): OrderedDict([('Stim', 'a'), ('CorrResp', 'h'), ('imStim', 'media/danb.png')])
21.2354 	EXP 	feedback_circle: autoDraw = False
21.2354 	EXP 	feedback_image: autoDraw = False
21.2354 	EXP 	feedback_circle: autoDraw = False
21.2354 	EXP 	feedback_image: autoDraw = False
21.2354 	EXP 	stim_image: image = 'media/danb.png'
21.2354 	EXP 	circle_frame: autoDraw = True
21.2354 	EXP 	stim_image: autoDraw = True
21.6856 	DATA 	Keypress: l
21.7039 	EXP 	circle_frame: autoDraw = False
21.7039 	EXP 	stim_image: autoDraw = False
21.7039 	EXP 	feedback_circle: lineColor = '[1. 1. 1.] (rgb)'
21.7039 	EXP 	feedback_image: color = '[0.1 0.5 0.3] (rgb)'
21.7039 	EXP 	feedback_image: image = 'media/danb.png'
21.7039 	EXP 	feedback_circle: autoDraw = True
21.7039 	EXP 	feedback_image: autoDraw = True
22.0143 	EXP 	feedback_circle: autoDraw = False
22.0143 	EXP 	feedback_image: autoDraw = False
22.0143 	EXP 	feedback_circle: autoDraw = False
22.0143 	EXP 	feedback_image: autoDraw = False
22.0807 	EXP 	window1: mouseVisible = True
