1.5464 	WARNING 	We strongly recommend you activate the PTB sound engine in PsychoPy prefs as the preferred audio engine. Its timing is vastly superior. Your prefs are currently set to use ['sounddevice', 'PTB', 'pyo', 'pygame'] (in that order).
7.5539 	WARNING 	User requested fullscreen with size [1280  720], but screen is actually [3840, 2160]. Using actual size
9.5035 	EXP 	Created window1 = Window(allowGUI=False, allowStencil=False, args=UNKNOWN, autoLog=True, bitsMode=UNKNOWN, blendMode='avg', bpc=(8, 8, 8), color=array([-1., -1., -1.]), colorSpace='rgb', depthBits=8, fullscr=<method-wrapper '__getattribute__' of attributeSetter object at 0x0000029893D07C88>, gamma=None, gammaErrorPolicy='raise', kwargs=UNKNOWN, lms=UNKNOWN, monitor=<psychopy.monitors.calibTools.Monitor object at 0x0000029893AA4828>, multiSample=False, name='window1', numSamples=2, pos=[0.0, 0.0], screen=1, size=array([3840, 2160]), stencilBits=0, stereo=False, units='height', useFBO=True, useRetina=False, viewOri=0.0, viewPos=None, viewScale=None, waitBlanking=True, winType='pyglet')
9.5035 	EXP 	window1: recordFrameIntervals = False
9.6697 	EXP 	window1: recordFrameIntervals = True
9.8533 	EXP 	window1: recordFrameIntervals = False
10.1485 	EXP 	Created Instr_CR_text = TextStim(__class__=<class 'psychopy.visual.text.TextStim'>, alignHoriz=method-wrapper(...), alignText='center', alignVert=method-wrapper(...), anchorHoriz='center', anchorVert='center', antialias=True, autoLog=True, bold=False, color='white', colorSpace='named', contrast=1.0, depth=0.0, flipHoriz=False, flipVert=False, font='Arial', fontFiles=[], height=0.05, italic=False, languageStyle='LTR', name='Instr_CR_text', opacity=1.0, ori=0, pos=array([0., 0.]), rgb=array([255., 255., 255.]), text=str(...), units='height', win=Window(...), wrapWidth=1)
10.1598 	EXP 	Created circle_frame = Polygon(__class__=<class 'psychopy.visual.polygon.Polygon'>, autoDraw=False, autoLog=True, closeShape=True, color=method-wrapper(...), colorSpace=None, contrast=1.0, depth=0.0, fillColor=array([-1., -1., -1.]), fillColorSpace='rgb', fillRGB=array([-1., -1., -1.]), interpolate=True, lineColor=array([1., 1., 1.]), lineColorSpace='rgb', lineRGB=array([1., 1., 1.]), lineWidth=10, name='circle_frame', opacity=1.0, ori=array(0.), pos=array([0., 0.]), size=array([0.3, 0.3]), units='height', vertices=ndarray(...), win=Window(...))
10.1627 	EXP 	Created stim_image = ImageStim(__class__=<class 'psychopy.visual.image.ImageStim'>, autoLog=True, color=array([1., 1., 1.]), colorSpace='rgb', contrast=1.0, depth=-1.0, flipHoriz=False, flipVert=False, image='sin', interpolate=False, mask=None, maskParams=None, name='stim_image', opacity=1.0, ori=0.0, pos=array([0., 0.]), size=array([0.25, 0.25]), texRes=128, units='height', win=Window(...))
10.1724 	EXP 	Created feedback_circle = Polygon(__class__=<class 'psychopy.visual.polygon.Polygon'>, autoDraw=False, autoLog=True, closeShape=True, color=method-wrapper(...), colorSpace=None, contrast=1.0, depth=0.0, fillColor=array([-1., -1., -1.]), fillColorSpace='rgb', fillRGB=array([-1., -1., -1.]), interpolate=True, lineColor=array([1., 1., 1.]), lineColorSpace='rgb', lineRGB=array([1., 1., 1.]), lineWidth=10, name='feedback_circle', opacity=1.0, ori=array(0.), pos=array([0., 0.]), size=array([0.3, 0.3]), units='height', vertices=ndarray(...), win=Window(...))
10.1746 	EXP 	Created feedback_image = ImageStim(__class__=<class 'psychopy.visual.image.ImageStim'>, autoLog=True, color='white', colorSpace='named', contrast=1.0, depth=-1.0, flipHoriz=False, flipVert=False, image='sin', interpolate=False, mask=None, maskParams=None, name='feedback_image', opacity=1.0, ori=0.0, pos=array([0., 0.]), size=array([0.25, 0.25]), texRes=128, units='height', win=Window(...))
10.2136 	EXP 	Instr_CR_text: autoDraw = True
18.9940 	EXP 	Imported conditions.xlsx as conditions, 8 conditions, 3 params
18.9943 	EXP 	Created sequence: random, trialTypes=8, nReps=1, seed=None
18.9946 	EXP 	New trial (rep=0, index=0): OrderedDict([('Stim', 'h'), ('CorrResp', 'l'), ('imStim', 'media/dhnb.png')])
18.9985 	DATA 	Keypress: h
19.0083 	EXP 	Instr_CR_text: autoDraw = False
19.0083 	EXP 	stim_image: image = 'media/dhnb.png'
19.0083 	EXP 	circle_frame: autoDraw = True
19.0083 	EXP 	stim_image: autoDraw = True
19.6615 	DATA 	Keypress: h
19.6764 	EXP 	circle_frame: autoDraw = False
19.6764 	EXP 	stim_image: autoDraw = False
19.6764 	EXP 	feedback_circle: lineColor = '[1. 1. 1.] (rgb)'
19.6764 	EXP 	feedback_image: color = '[ 1. -1. -1.] (rgb)'
19.6764 	EXP 	feedback_image: image = 'media/dhnb.png'
19.6764 	EXP 	feedback_circle: autoDraw = True
19.6764 	EXP 	feedback_image: autoDraw = True
20.6628 	EXP 	New trial (rep=0, index=1): OrderedDict([('Stim', 'a'), ('CorrResp', 'h'), ('imStim', 'media/danb.png')])
20.6810 	EXP 	feedback_circle: autoDraw = False
20.6810 	EXP 	feedback_image: autoDraw = False
20.6810 	EXP 	feedback_circle: autoDraw = False
20.6810 	EXP 	feedback_image: autoDraw = False
20.6810 	EXP 	stim_image: image = 'media/danb.png'
20.6810 	EXP 	circle_frame: autoDraw = True
20.6810 	EXP 	stim_image: autoDraw = True
21.0553 	DATA 	Keypress: u
21.0654 	EXP 	circle_frame: autoDraw = False
21.0654 	EXP 	stim_image: autoDraw = False
21.0654 	EXP 	feedback_circle: lineColor = '[1. 1. 1.] (rgb)'
21.0654 	EXP 	feedback_image: color = '[0.1 0.5 0.3] (rgb)'
21.0654 	EXP 	feedback_image: image = 'media/danb.png'
21.0654 	EXP 	feedback_circle: autoDraw = True
21.0654 	EXP 	feedback_image: autoDraw = True
21.3628 	EXP 	New trial (rep=0, index=2): OrderedDict([('Stim', 'b'), ('CorrResp', 'u'), ('imStim', 'media/dbnb.png')])
21.3784 	EXP 	feedback_circle: autoDraw = False
21.3784 	EXP 	feedback_image: autoDraw = False
21.3784 	EXP 	feedback_circle: autoDraw = False
21.3784 	EXP 	feedback_image: autoDraw = False
21.3784 	EXP 	stim_image: image = 'media/dbnb.png'
21.3784 	EXP 	circle_frame: autoDraw = True
21.3784 	EXP 	stim_image: autoDraw = True
22.1163 	DATA 	Keypress: i
22.1477 	EXP 	circle_frame: autoDraw = False
22.1477 	EXP 	stim_image: autoDraw = False
22.1477 	EXP 	feedback_circle: lineColor = '[1. 1. 1.] (rgb)'
22.1477 	EXP 	feedback_image: color = '[0.1 0.5 0.3] (rgb)'
22.1477 	EXP 	feedback_image: image = 'media/dbnb.png'
22.1477 	EXP 	feedback_circle: autoDraw = True
22.1477 	EXP 	feedback_image: autoDraw = True
22.4403 	EXP 	New trial (rep=0, index=3): OrderedDict([('Stim', 'g'), ('CorrResp', 'i'), ('imStim', 'media/dgnb.png')])
22.4602 	EXP 	feedback_circle: autoDraw = False
22.4602 	EXP 	feedback_image: autoDraw = False
22.4602 	EXP 	feedback_circle: autoDraw = False
22.4602 	EXP 	feedback_image: autoDraw = False
22.4602 	EXP 	stim_image: image = 'media/dgnb.png'
22.4602 	EXP 	circle_frame: autoDraw = True
22.4602 	EXP 	stim_image: autoDraw = True
22.8962 	DATA 	Keypress: l
22.9095 	EXP 	circle_frame: autoDraw = False
22.9095 	EXP 	stim_image: autoDraw = False
22.9095 	EXP 	feedback_circle: lineColor = '[1. 1. 1.] (rgb)'
22.9095 	EXP 	feedback_image: color = '[0.1 0.5 0.3] (rgb)'
22.9095 	EXP 	feedback_image: image = 'media/dgnb.png'
22.9095 	EXP 	feedback_circle: autoDraw = True
22.9095 	EXP 	feedback_image: autoDraw = True
23.1982 	EXP 	New trial (rep=0, index=4): OrderedDict([('Stim', 'e'), ('CorrResp', 'h'), ('imStim', 'media/denb.png')])
23.2137 	EXP 	feedback_circle: autoDraw = False
23.2137 	EXP 	feedback_image: autoDraw = False
23.2137 	EXP 	feedback_circle: autoDraw = False
23.2137 	EXP 	feedback_image: autoDraw = False
23.2137 	EXP 	stim_image: image = 'media/denb.png'
23.2137 	EXP 	circle_frame: autoDraw = True
23.2137 	EXP 	stim_image: autoDraw = True
23.6202 	DATA 	Keypress: h
23.6609 	EXP 	circle_frame: autoDraw = False
23.6609 	EXP 	stim_image: autoDraw = False
23.6609 	EXP 	feedback_circle: lineColor = '[1. 1. 1.] (rgb)'
23.6609 	EXP 	feedback_image: color = '[ 1. -1. -1.] (rgb)'
23.6609 	EXP 	feedback_image: image = 'media/denb.png'
23.6609 	EXP 	feedback_circle: autoDraw = True
23.6609 	EXP 	feedback_image: autoDraw = True
24.6506 	EXP 	New trial (rep=0, index=5): OrderedDict([('Stim', 'f'), ('CorrResp', 'u'), ('imStim', 'media/dfnb.png')])
24.6709 	EXP 	feedback_circle: autoDraw = False
24.6709 	EXP 	feedback_image: autoDraw = False
24.6709 	EXP 	feedback_circle: autoDraw = False
24.6709 	EXP 	feedback_image: autoDraw = False
24.6709 	EXP 	stim_image: image = 'media/dfnb.png'
24.6709 	EXP 	circle_frame: autoDraw = True
24.6709 	EXP 	stim_image: autoDraw = True
25.0282 	DATA 	Keypress: u
25.0384 	EXP 	circle_frame: autoDraw = False
25.0384 	EXP 	stim_image: autoDraw = False
25.0384 	EXP 	feedback_circle: lineColor = '[1. 1. 1.] (rgb)'
25.0384 	EXP 	feedback_image: color = '[0.1 0.5 0.3] (rgb)'
25.0384 	EXP 	feedback_image: image = 'media/dfnb.png'
25.0384 	EXP 	feedback_circle: autoDraw = True
25.0384 	EXP 	feedback_image: autoDraw = True
25.3427 	EXP 	New trial (rep=0, index=6): OrderedDict([('Stim', 'd'), ('CorrResp', 'l'), ('imStim', 'media/ddnb.png')])
25.3609 	EXP 	feedback_circle: autoDraw = False
25.3609 	EXP 	feedback_image: autoDraw = False
25.3609 	EXP 	feedback_circle: autoDraw = False
25.3609 	EXP 	feedback_image: autoDraw = False
25.3609 	EXP 	stim_image: image = 'media/ddnb.png'
25.3609 	EXP 	circle_frame: autoDraw = True
25.3609 	EXP 	stim_image: autoDraw = True
25.7485 	DATA 	Keypress: i
25.7605 	EXP 	circle_frame: autoDraw = False
25.7605 	EXP 	stim_image: autoDraw = False
25.7605 	EXP 	feedback_circle: lineColor = '[1. 1. 1.] (rgb)'
25.7605 	EXP 	feedback_image: color = '[0.1 0.5 0.3] (rgb)'
25.7605 	EXP 	feedback_image: image = 'media/ddnb.png'
25.7605 	EXP 	feedback_circle: autoDraw = True
25.7605 	EXP 	feedback_image: autoDraw = True
26.0509 	EXP 	New trial (rep=0, index=7): OrderedDict([('Stim', 'c'), ('CorrResp', 'i'), ('imStim', 'media/dcnb.png')])
26.0677 	EXP 	feedback_circle: autoDraw = False
26.0677 	EXP 	feedback_image: autoDraw = False
26.0677 	EXP 	feedback_circle: autoDraw = False
26.0677 	EXP 	feedback_image: autoDraw = False
26.0677 	EXP 	stim_image: image = 'media/dcnb.png'
26.0677 	EXP 	circle_frame: autoDraw = True
26.0677 	EXP 	stim_image: autoDraw = True
26.4702 	DATA 	Keypress: l
26.4864 	EXP 	circle_frame: autoDraw = False
26.4864 	EXP 	stim_image: autoDraw = False
26.4864 	EXP 	feedback_circle: lineColor = '[1. 1. 1.] (rgb)'
26.4864 	EXP 	feedback_image: color = '[0.1 0.5 0.3] (rgb)'
26.4864 	EXP 	feedback_image: image = 'media/dcnb.png'
26.4864 	EXP 	feedback_circle: autoDraw = True
26.4864 	EXP 	feedback_image: autoDraw = True
26.7876 	EXP 	feedback_circle: autoDraw = False
26.7876 	EXP 	feedback_image: autoDraw = False
26.7876 	EXP 	feedback_circle: autoDraw = False
26.7876 	EXP 	feedback_image: autoDraw = False
26.8563 	EXP 	window1: mouseVisible = True
