1.5470 	WARNING 	We strongly recommend you activate the PTB sound engine in PsychoPy prefs as the preferred audio engine. Its timing is vastly superior. Your prefs are currently set to use ['sounddevice', 'PTB', 'pyo', 'pygame'] (in that order).
4.4443 	WARNING 	User requested fullscreen with size [1280  720], but screen is actually [3840, 2160]. Using actual size
8.0500 	EXP 	Created window1 = Window(allowGUI=False, allowStencil=False, args=UNKNOWN, autoLog=True, bitsMode=UNKNOWN, blendMode='avg', bpc=(8, 8, 8), color=array([-1., -1., -1.]), colorSpace='rgb', depthBits=8, fullscr=<method-wrapper '__getattribute__' of attributeSetter object at 0x000002177D83E9E8>, gamma=None, gammaErrorPolicy='raise', kwargs=UNKNOWN, lms=UNKNOWN, monitor=<psychopy.monitors.calibTools.Monitor object at 0x000002177D4165C0>, multiSample=False, name='window1', numSamples=2, pos=[0.0, 0.0], screen=1, size=array([3840, 2160]), stencilBits=0, stereo=False, units='height', useFBO=True, useRetina=False, viewOri=0.0, viewPos=None, viewScale=None, waitBlanking=True, winType='pyglet')
8.0501 	EXP 	window1: recordFrameIntervals = False
8.2162 	EXP 	window1: recordFrameIntervals = True
8.3987 	EXP 	window1: recordFrameIntervals = False
8.6855 	EXP 	Created Instr_CR_text = TextStim(__class__=<class 'psychopy.visual.text.TextStim'>, alignHoriz=method-wrapper(...), alignText='center', alignVert=method-wrapper(...), anchorHoriz='center', anchorVert='center', antialias=True, autoLog=True, bold=False, color='white', colorSpace='named', contrast=1.0, depth=0.0, flipHoriz=False, flipVert=False, font='Arial', fontFiles=[], height=0.05, italic=False, languageStyle='LTR', name='Instr_CR_text', opacity=1.0, ori=0, pos=array([0., 0.]), rgb=array([255., 255., 255.]), text=str(...), units='height', win=Window(...), wrapWidth=1)
8.6969 	EXP 	Created circle_frame = Polygon(__class__=<class 'psychopy.visual.polygon.Polygon'>, autoDraw=False, autoLog=True, closeShape=True, color=method-wrapper(...), colorSpace=None, contrast=1.0, depth=0.0, fillColor=array([-1., -1., -1.]), fillColorSpace='rgb', fillRGB=array([-1., -1., -1.]), interpolate=True, lineColor=array([1., 1., 1.]), lineColorSpace='rgb', lineRGB=array([1., 1., 1.]), lineWidth=5, name='circle_frame', opacity=1.0, ori=array(0.), pos=array([0., 0.]), size=array([0.25, 0.25]), units='height', vertices=ndarray(...), win=Window(...))
8.6996 	EXP 	Created stim_image = ImageStim(__class__=<class 'psychopy.visual.image.ImageStim'>, autoLog=True, color=array([1., 1., 1.]), colorSpace='rgb', contrast=1.0, depth=-1.0, flipHoriz=False, flipVert=False, image='sin', interpolate=False, mask=None, maskParams=None, name='stim_image', opacity=1.0, ori=0.0, pos=array([0., 0.]), size=array([0.2, 0.2]), texRes=128, units='height', win=Window(...))
8.7413 	EXP 	Instr_CR_text: autoDraw = True
9.4797 	DATA 	Keypress: h
9.5352 	EXP 	Imported conditions.xlsx as conditions, 8 conditions, 3 params
9.5355 	EXP 	Created sequence: random, trialTypes=8, nReps=1, seed=None
9.5357 	EXP 	New trial (rep=0, index=0): OrderedDict([('Stim', 'd'), ('CorrResp', 'l'), ('imStim', 'media/ddnb.png')])
9.5512 	EXP 	Instr_CR_text: autoDraw = False
9.5512 	EXP 	stim_image: image = 'media/ddnb.png'
9.5512 	EXP 	circle_frame: autoDraw = True
9.5512 	EXP 	stim_image: autoDraw = True
10.3466 	EXP 	New trial (rep=0, index=1): OrderedDict([('Stim', 'b'), ('CorrResp', 'u'), ('imStim', 'media/dbnb.png')])
10.3539 	DATA 	Keypress: h
10.3644 	EXP 	circle_frame: autoDraw = False
10.3644 	EXP 	stim_image: autoDraw = False
10.3644 	EXP 	stim_image: image = 'media/dbnb.png'
10.3644 	EXP 	circle_frame: autoDraw = True
10.3644 	EXP 	stim_image: autoDraw = True
11.5627 	EXP 	New trial (rep=0, index=2): OrderedDict([('Stim', 'h'), ('CorrResp', 'l'), ('imStim', 'media/dhnb.png')])
11.5671 	DATA 	Keypress: u
11.5850 	EXP 	circle_frame: autoDraw = False
11.5850 	EXP 	stim_image: autoDraw = False
11.5850 	EXP 	stim_image: image = 'media/dhnb.png'
11.5850 	EXP 	circle_frame: autoDraw = True
11.5850 	EXP 	stim_image: autoDraw = True
11.9832 	DATA 	Keypress: i
12.0117 	EXP 	New trial (rep=0, index=3): OrderedDict([('Stim', 'g'), ('CorrResp', 'i'), ('imStim', 'media/dgnb.png')])
12.0265 	EXP 	circle_frame: autoDraw = False
12.0265 	EXP 	stim_image: autoDraw = False
12.0265 	EXP 	stim_image: image = 'media/dgnb.png'
12.0265 	EXP 	circle_frame: autoDraw = True
12.0265 	EXP 	stim_image: autoDraw = True
12.2623 	EXP 	New trial (rep=0, index=4): OrderedDict([('Stim', 'f'), ('CorrResp', 'u'), ('imStim', 'media/dfnb.png')])
12.2662 	DATA 	Keypress: l
12.2776 	EXP 	circle_frame: autoDraw = False
12.2776 	EXP 	stim_image: autoDraw = False
12.2776 	EXP 	stim_image: image = 'media/dfnb.png'
12.2776 	EXP 	circle_frame: autoDraw = True
12.2776 	EXP 	stim_image: autoDraw = True
12.6624 	EXP 	New trial (rep=0, index=5): OrderedDict([('Stim', 'c'), ('CorrResp', 'i'), ('imStim', 'media/dcnb.png')])
12.6663 	DATA 	Keypress: h
12.6777 	EXP 	circle_frame: autoDraw = False
12.6777 	EXP 	stim_image: autoDraw = False
12.6777 	EXP 	stim_image: image = 'media/dcnb.png'
12.6777 	EXP 	circle_frame: autoDraw = True
12.6777 	EXP 	stim_image: autoDraw = True
12.8791 	EXP 	New trial (rep=0, index=6): OrderedDict([('Stim', 'e'), ('CorrResp', 'h'), ('imStim', 'media/denb.png')])
12.8827 	DATA 	Keypress: u
12.8940 	EXP 	circle_frame: autoDraw = False
12.8940 	EXP 	stim_image: autoDraw = False
12.8940 	EXP 	stim_image: image = 'media/denb.png'
12.8940 	EXP 	circle_frame: autoDraw = True
12.8940 	EXP 	stim_image: autoDraw = True
13.2352 	EXP 	New trial (rep=0, index=7): OrderedDict([('Stim', 'a'), ('CorrResp', 'h'), ('imStim', 'media/danb.png')])
13.2520 	DATA 	Keypress: h
13.2634 	EXP 	circle_frame: autoDraw = False
13.2634 	EXP 	stim_image: autoDraw = False
13.2634 	EXP 	stim_image: image = 'media/danb.png'
13.2634 	EXP 	circle_frame: autoDraw = True
13.2634 	EXP 	stim_image: autoDraw = True
13.4268 	DATA 	Keypress: h
13.4395 	EXP 	circle_frame: autoDraw = False
13.4395 	EXP 	stim_image: autoDraw = False
13.5071 	EXP 	window1: mouseVisible = True
