1.5260 	WARNING 	We strongly recommend you activate the PTB sound engine in PsychoPy prefs as the preferred audio engine. Its timing is vastly superior. Your prefs are currently set to use ['sounddevice', 'PTB', 'pyo', 'pygame'] (in that order).
4.1438 	WARNING 	User requested fullscreen with size [1280  720], but screen is actually [3840, 2160]. Using actual size
5.9016 	EXP 	Created window1 = Window(allowGUI=False, allowStencil=False, args=UNKNOWN, autoLog=True, bitsMode=UNKNOWN, blendMode='avg', bpc=(8, 8, 8), color=array([-1., -1., -1.]), colorSpace='rgb', depthBits=8, fullscr=<method-wrapper '__getattribute__' of attributeSetter object at 0x000001BC78496C50>, gamma=None, gammaErrorPolicy='raise', kwargs=UNKNOWN, lms=UNKNOWN, monitor=<psychopy.monitors.calibTools.Monitor object at 0x000001BC781F5828>, multiSample=False, name='window1', numSamples=2, pos=[0.0, 0.0], screen=1, size=array([3840, 2160]), stencilBits=0, stereo=False, units='height', useFBO=True, useRetina=False, viewOri=0.0, viewPos=None, viewScale=None, waitBlanking=True, winType='pyglet')
5.9016 	EXP 	window1: recordFrameIntervals = False
6.0686 	EXP 	window1: recordFrameIntervals = True
6.2513 	EXP 	window1: recordFrameIntervals = False
6.5379 	EXP 	Created Instr_CR_text = TextStim(__class__=<class 'psychopy.visual.text.TextStim'>, alignHoriz=method-wrapper(...), alignText='center', alignVert=method-wrapper(...), anchorHoriz='center', anchorVert='center', antialias=True, autoLog=True, bold=False, color='white', colorSpace='named', contrast=1.0, depth=0.0, flipHoriz=False, flipVert=False, font='Arial', fontFiles=[], height=0.05, italic=False, languageStyle='LTR', name='Instr_CR_text', opacity=1.0, ori=0, pos=array([0., 0.]), rgb=array([255., 255., 255.]), text=str(...), units='height', win=Window(...), wrapWidth=1)
6.5492 	EXP 	Created circle_frame = Polygon(__class__=<class 'psychopy.visual.polygon.Polygon'>, autoDraw=False, autoLog=True, closeShape=True, color=method-wrapper(...), colorSpace=None, contrast=1.0, depth=0.0, fillColor=array([-1., -1., -1.]), fillColorSpace='rgb', fillRGB=array([-1., -1., -1.]), interpolate=True, lineColor=array([1., 1., 1.]), lineColorSpace='rgb', lineRGB=array([1., 1., 1.]), lineWidth=1.2, name='circle_frame', opacity=1.0, ori=array(0.), pos=array([0., 0.]), size=array([0.25, 0.25]), units='height', vertices=ndarray(...), win=Window(...))
6.5518 	EXP 	Created stim_image = ImageStim(__class__=<class 'psychopy.visual.image.ImageStim'>, autoLog=True, color=array([1., 1., 1.]), colorSpace='rgb', contrast=1.0, depth=-1.0, flipHoriz=False, flipVert=False, image='sin', interpolate=False, mask=None, maskParams=None, name='stim_image', opacity=1.0, ori=0.0, pos=array([0., 0.]), size=array([0.2, 0.2]), texRes=128, units='height', win=Window(...))
6.5616 	EXP 	Created feedback_circle = Polygon(__class__=<class 'psychopy.visual.polygon.Polygon'>, autoDraw=False, autoLog=True, closeShape=True, color=method-wrapper(...), colorSpace=None, contrast=1.0, depth=0.0, fillColor=array([1., 1., 1.]), fillColorSpace='rgb', fillRGB=array([1., 1., 1.]), interpolate=True, lineColor=array([1., 1., 1.]), lineColorSpace='rgb', lineRGB=array([1., 1., 1.]), lineWidth=1.2, name='feedback_circle', opacity=1.0, ori=array(0.), pos=array([0., 0.]), size=array([0.25, 0.25]), units='height', vertices=ndarray(...), win=Window(...))
6.5638 	EXP 	Created feedback_image = ImageStim(__class__=<class 'psychopy.visual.image.ImageStim'>, autoLog=True, color='white', colorSpace='named', contrast=1.0, depth=-1.0, flipHoriz=False, flipVert=False, image='sin', interpolate=False, mask=None, maskParams=None, name='feedback_image', opacity=1.0, ori=0.0, pos=array([0., 0.]), size=array([0.2, 0.2]), texRes=128, units='height', win=Window(...))
6.6020 	EXP 	Instr_CR_text: autoDraw = True
9.8055 	EXP 	Imported conditions.xlsx as conditions, 8 conditions, 3 params
9.8058 	EXP 	Created sequence: random, trialTypes=8, nReps=1, seed=None
9.8061 	EXP 	New trial (rep=0, index=0): OrderedDict([('Stim', 'a'), ('CorrResp', 'h'), ('imStim', 'media/danb.png')])
9.8129 	DATA 	Keypress: h
9.8222 	EXP 	Instr_CR_text: autoDraw = False
9.8222 	EXP 	stim_image: image = 'media/danb.png'
9.8222 	EXP 	circle_frame: autoDraw = True
9.8222 	EXP 	stim_image: autoDraw = True
10.4734 	DATA 	Keypress: h
10.4898 	EXP 	circle_frame: autoDraw = False
10.4898 	EXP 	stim_image: autoDraw = False
10.4898 	EXP 	feedback_circle: lineColor = '[0.1 0.5 0.3] (rgb)'
10.4898 	EXP 	feedback_image: color = '[1. 1. 1.] (rgb)'
10.4898 	EXP 	feedback_image: image = 'media/danb.png'
10.4898 	EXP 	feedback_circle: autoDraw = True
10.4898 	EXP 	feedback_image: autoDraw = True
10.7929 	EXP 	New trial (rep=0, index=1): OrderedDict([('Stim', 'd'), ('CorrResp', 'l'), ('imStim', 'media/ddnb.png')])
10.8111 	EXP 	feedback_circle: autoDraw = False
10.8111 	EXP 	feedback_image: autoDraw = False
10.8111 	EXP 	feedback_circle: autoDraw = False
10.8111 	EXP 	feedback_image: autoDraw = False
10.8111 	EXP 	stim_image: image = 'media/ddnb.png'
10.8111 	EXP 	circle_frame: autoDraw = True
10.8111 	EXP 	stim_image: autoDraw = True
18.7973 	DATA 	Keypress: i
18.8276 	EXP 	circle_frame: autoDraw = False
18.8276 	EXP 	stim_image: autoDraw = False
18.8276 	EXP 	feedback_circle: lineColor = '[0.1 0.5 0.3] (rgb)'
18.8276 	EXP 	feedback_image: color = '[1. 1. 1.] (rgb)'
18.8276 	EXP 	feedback_image: image = 'media/ddnb.png'
18.8276 	EXP 	feedback_circle: autoDraw = True
18.8276 	EXP 	feedback_image: autoDraw = True
19.1236 	EXP 	New trial (rep=0, index=2): OrderedDict([('Stim', 'e'), ('CorrResp', 'h'), ('imStim', 'media/denb.png')])
19.1409 	EXP 	feedback_circle: autoDraw = False
19.1409 	EXP 	feedback_image: autoDraw = False
19.1409 	EXP 	feedback_circle: autoDraw = False
19.1409 	EXP 	feedback_image: autoDraw = False
19.1409 	EXP 	stim_image: image = 'media/denb.png'
19.1409 	EXP 	circle_frame: autoDraw = True
19.1409 	EXP 	stim_image: autoDraw = True
20.2333 	DATA 	Mouse: Left button down, pos=(2750,1666)
20.3302 	DATA 	Mouse:  Left button up, pos=(2750,1666)
20.5315 	DATA 	Keypress: escape
20.6557 	EXP 	window1: mouseVisible = True
1.5180 	WARNING 	We strongly recommend you activate the PTB sound engine in PsychoPy prefs as the preferred audio engine. Its timing is vastly superior. Your prefs are currently set to use ['sounddevice', 'PTB', 'pyo', 'pygame'] (in that order).
5.3705 	WARNING 	User requested fullscreen with size [1280  720], but screen is actually [3840, 2160]. Using actual size
7.0887 	EXP 	Created window1 = Window(allowGUI=False, allowStencil=False, args=UNKNOWN, autoLog=True, bitsMode=UNKNOWN, blendMode='avg', bpc=(8, 8, 8), color=array([-1., -1., -1.]), colorSpace='rgb', depthBits=8, fullscr=<method-wrapper '__getattribute__' of attributeSetter object at 0x00000244DD806C50>, gamma=None, gammaErrorPolicy='raise', kwargs=UNKNOWN, lms=UNKNOWN, monitor=<psychopy.monitors.calibTools.Monitor object at 0x00000244DD565828>, multiSample=False, name='window1', numSamples=2, pos=[0.0, 0.0], screen=1, size=array([3840, 2160]), stencilBits=0, stereo=False, units='height', useFBO=True, useRetina=False, viewOri=0.0, viewPos=None, viewScale=None, waitBlanking=True, winType='pyglet')
7.0888 	EXP 	window1: recordFrameIntervals = False
7.2555 	EXP 	window1: recordFrameIntervals = True
7.4382 	EXP 	window1: recordFrameIntervals = False
7.7181 	EXP 	Created Instr_CR_text = TextStim(__class__=<class 'psychopy.visual.text.TextStim'>, alignHoriz=method-wrapper(...), alignText='center', alignVert=method-wrapper(...), anchorHoriz='center', anchorVert='center', antialias=True, autoLog=True, bold=False, color='white', colorSpace='named', contrast=1.0, depth=0.0, flipHoriz=False, flipVert=False, font='Arial', fontFiles=[], height=0.05, italic=False, languageStyle='LTR', name='Instr_CR_text', opacity=1.0, ori=0, pos=array([0., 0.]), rgb=array([255., 255., 255.]), text=str(...), units='height', win=Window(...), wrapWidth=1)
7.7293 	EXP 	Created circle_frame = Polygon(__class__=<class 'psychopy.visual.polygon.Polygon'>, autoDraw=False, autoLog=True, closeShape=True, color=method-wrapper(...), colorSpace=None, contrast=1.0, depth=0.0, fillColor=array([-1., -1., -1.]), fillColorSpace='rgb', fillRGB=array([-1., -1., -1.]), interpolate=True, lineColor=array([1., 1., 1.]), lineColorSpace='rgb', lineRGB=array([1., 1., 1.]), lineWidth=1.2, name='circle_frame', opacity=1.0, ori=array(0.), pos=array([0., 0.]), size=array([0.25, 0.25]), units='height', vertices=ndarray(...), win=Window(...))
7.7318 	EXP 	Created stim_image = ImageStim(__class__=<class 'psychopy.visual.image.ImageStim'>, autoLog=True, color=array([1., 1., 1.]), colorSpace='rgb', contrast=1.0, depth=-1.0, flipHoriz=False, flipVert=False, image='sin', interpolate=False, mask=None, maskParams=None, name='stim_image', opacity=1.0, ori=0.0, pos=array([0., 0.]), size=array([0.2, 0.2]), texRes=128, units='height', win=Window(...))
7.7415 	EXP 	Created feedback_circle = Polygon(__class__=<class 'psychopy.visual.polygon.Polygon'>, autoDraw=False, autoLog=True, closeShape=True, color=method-wrapper(...), colorSpace=None, contrast=1.0, depth=0.0, fillColor=array([-1., -1., -1.]), fillColorSpace='rgb', fillRGB=array([-1., -1., -1.]), interpolate=True, lineColor=array([1., 1., 1.]), lineColorSpace='rgb', lineRGB=array([1., 1., 1.]), lineWidth=1.2, name='feedback_circle', opacity=1.0, ori=array(0.), pos=array([0., 0.]), size=array([0.25, 0.25]), units='height', vertices=ndarray(...), win=Window(...))
7.7434 	EXP 	Created feedback_image = ImageStim(__class__=<class 'psychopy.visual.image.ImageStim'>, autoLog=True, color='white', colorSpace='named', contrast=1.0, depth=-1.0, flipHoriz=False, flipVert=False, image='sin', interpolate=False, mask=None, maskParams=None, name='feedback_image', opacity=1.0, ori=0.0, pos=array([0., 0.]), size=array([0.2, 0.2]), texRes=128, units='height', win=Window(...))
7.7827 	EXP 	Instr_CR_text: autoDraw = True
8.2983 	EXP 	Imported conditions.xlsx as conditions, 8 conditions, 3 params
8.2987 	EXP 	Created sequence: random, trialTypes=8, nReps=1, seed=None
8.2989 	EXP 	New trial (rep=0, index=0): OrderedDict([('Stim', 'b'), ('CorrResp', 'u'), ('imStim', 'media/dbnb.png')])
8.3046 	DATA 	Keypress: h
8.3181 	EXP 	Instr_CR_text: autoDraw = False
8.3181 	EXP 	stim_image: image = 'media/dbnb.png'
8.3181 	EXP 	circle_frame: autoDraw = True
8.3181 	EXP 	stim_image: autoDraw = True
8.8970 	DATA 	Keypress: h
8.9118 	EXP 	circle_frame: autoDraw = False
8.9118 	EXP 	stim_image: autoDraw = False
8.9118 	EXP 	feedback_circle: lineColor = '[0.1 0.5 0.3] (rgb)'
8.9118 	EXP 	feedback_image: color = '[1. 1. 1.] (rgb)'
8.9118 	EXP 	feedback_image: image = 'media/dbnb.png'
8.9118 	EXP 	feedback_circle: autoDraw = True
8.9118 	EXP 	feedback_image: autoDraw = True
9.2076 	EXP 	New trial (rep=0, index=1): OrderedDict([('Stim', 'e'), ('CorrResp', 'h'), ('imStim', 'media/denb.png')])
9.2286 	EXP 	feedback_circle: autoDraw = False
9.2286 	EXP 	feedback_image: autoDraw = False
9.2286 	EXP 	feedback_circle: autoDraw = False
9.2286 	EXP 	feedback_image: autoDraw = False
9.2286 	EXP 	stim_image: image = 'media/denb.png'
9.2286 	EXP 	circle_frame: autoDraw = True
9.2286 	EXP 	stim_image: autoDraw = True
11.0450 	DATA 	Keypress: u
11.0625 	EXP 	circle_frame: autoDraw = False
11.0625 	EXP 	stim_image: autoDraw = False
11.0625 	EXP 	feedback_circle: lineColor = '[0.1 0.5 0.3] (rgb)'
11.0625 	EXP 	feedback_image: color = '[1. 1. 1.] (rgb)'
11.0625 	EXP 	feedback_image: image = 'media/denb.png'
11.0625 	EXP 	feedback_circle: autoDraw = True
11.0625 	EXP 	feedback_image: autoDraw = True
11.3506 	EXP 	New trial (rep=0, index=2): OrderedDict([('Stim', 'g'), ('CorrResp', 'i'), ('imStim', 'media/dgnb.png')])
11.3763 	EXP 	feedback_circle: autoDraw = False
11.3763 	EXP 	feedback_image: autoDraw = False
11.3763 	EXP 	feedback_circle: autoDraw = False
11.3763 	EXP 	feedback_image: autoDraw = False
11.3763 	EXP 	stim_image: image = 'media/dgnb.png'
11.3763 	EXP 	circle_frame: autoDraw = True
11.3763 	EXP 	stim_image: autoDraw = True
12.4048 	DATA 	Keypress: h
12.4229 	EXP 	circle_frame: autoDraw = False
12.4229 	EXP 	stim_image: autoDraw = False
12.4229 	EXP 	feedback_circle: lineColor = '[0.1 0.5 0.3] (rgb)'
12.4229 	EXP 	feedback_image: color = '[1. 1. 1.] (rgb)'
12.4229 	EXP 	feedback_image: image = 'media/dgnb.png'
12.4229 	EXP 	feedback_circle: autoDraw = True
12.4229 	EXP 	feedback_image: autoDraw = True
12.7111 	EXP 	New trial (rep=0, index=3): OrderedDict([('Stim', 'd'), ('CorrResp', 'l'), ('imStim', 'media/ddnb.png')])
12.7288 	EXP 	feedback_circle: autoDraw = False
12.7288 	EXP 	feedback_image: autoDraw = False
12.7288 	EXP 	feedback_circle: autoDraw = False
12.7288 	EXP 	feedback_image: autoDraw = False
12.7288 	EXP 	stim_image: image = 'media/ddnb.png'
12.7288 	EXP 	circle_frame: autoDraw = True
12.7288 	EXP 	stim_image: autoDraw = True
13.7470 	DATA 	Keypress: i
13.7627 	EXP 	circle_frame: autoDraw = False
13.7627 	EXP 	stim_image: autoDraw = False
13.7627 	EXP 	feedback_circle: lineColor = '[0.1 0.5 0.3] (rgb)'
13.7627 	EXP 	feedback_image: color = '[1. 1. 1.] (rgb)'
13.7627 	EXP 	feedback_image: image = 'media/ddnb.png'
13.7627 	EXP 	feedback_circle: autoDraw = True
13.7627 	EXP 	feedback_image: autoDraw = True
14.0654 	EXP 	New trial (rep=0, index=4): OrderedDict([('Stim', 'h'), ('CorrResp', 'l'), ('imStim', 'media/dhnb.png')])
14.0875 	EXP 	feedback_circle: autoDraw = False
14.0875 	EXP 	feedback_image: autoDraw = False
14.0875 	EXP 	feedback_circle: autoDraw = False
14.0875 	EXP 	feedback_image: autoDraw = False
14.0875 	EXP 	stim_image: image = 'media/dhnb.png'
14.0875 	EXP 	circle_frame: autoDraw = True
14.0875 	EXP 	stim_image: autoDraw = True
14.6720 	DATA 	Keypress: l
14.6835 	EXP 	circle_frame: autoDraw = False
14.6835 	EXP 	stim_image: autoDraw = False
14.6835 	EXP 	feedback_circle: lineColor = '[0.1 0.5 0.3] (rgb)'
14.6835 	EXP 	feedback_image: color = '[1. 1. 1.] (rgb)'
14.6835 	EXP 	feedback_image: image = 'media/dhnb.png'
14.6835 	EXP 	feedback_circle: autoDraw = True
14.6835 	EXP 	feedback_image: autoDraw = True
14.9881 	EXP 	New trial (rep=0, index=5): OrderedDict([('Stim', 'f'), ('CorrResp', 'u'), ('imStim', 'media/dfnb.png')])
15.0129 	EXP 	feedback_circle: autoDraw = False
15.0129 	EXP 	feedback_image: autoDraw = False
15.0129 	EXP 	feedback_circle: autoDraw = False
15.0129 	EXP 	feedback_image: autoDraw = False
15.0129 	EXP 	stim_image: image = 'media/dfnb.png'
15.0129 	EXP 	circle_frame: autoDraw = True
15.0129 	EXP 	stim_image: autoDraw = True
48.1300 	DATA 	Keypress: h
48.1456 	EXP 	circle_frame: autoDraw = False
48.1456 	EXP 	stim_image: autoDraw = False
48.1456 	EXP 	feedback_circle: lineColor = '[0.1 0.5 0.3] (rgb)'
48.1456 	EXP 	feedback_image: color = '[1. 1. 1.] (rgb)'
48.1456 	EXP 	feedback_image: image = 'media/dfnb.png'
48.1456 	EXP 	feedback_circle: autoDraw = True
48.1456 	EXP 	feedback_image: autoDraw = True
48.4499 	EXP 	New trial (rep=0, index=6): OrderedDict([('Stim', 'c'), ('CorrResp', 'i'), ('imStim', 'media/dcnb.png')])
48.4741 	EXP 	feedback_circle: autoDraw = False
48.4741 	EXP 	feedback_image: autoDraw = False
48.4741 	EXP 	feedback_circle: autoDraw = False
48.4741 	EXP 	feedback_image: autoDraw = False
48.4741 	EXP 	stim_image: image = 'media/dcnb.png'
48.4741 	EXP 	circle_frame: autoDraw = True
48.4741 	EXP 	stim_image: autoDraw = True
60.8484 	DATA 	Keypress: escape
60.9802 	EXP 	window1: mouseVisible = True
