5.1125 	WARNING 	We strongly recommend you activate the PTB sound engine in PsychoPy prefs as the preferred audio engine. Its timing is vastly superior. Your prefs are currently set to use ['sounddevice', 'PTB', 'pyo', 'pygame'] (in that order).
20.5730 	WARNING 	User requested fullscreen with size [1280  720], but screen is actually [3840, 2160]. Using actual size
23.4106 	EXP 	Created window1 = Window(allowGUI=False, allowStencil=False, args=UNKNOWN, autoLog=True, bitsMode=UNKNOWN, blendMode='avg', bpc=(8, 8, 8), color=array([-1., -1., -1.]), colorSpace='rgb', depthBits=8, fullscr=<method-wrapper '__getattribute__' of attributeSetter object at 0x00000178B5B37BA8>, gamma=None, gammaErrorPolicy='raise', kwargs=UNKNOWN, lms=UNKNOWN, monitor=<psychopy.monitors.calibTools.Monitor object at 0x00000178B58D4780>, multiSample=False, name='window1', numSamples=2, pos=[0.0, 0.0], screen=1, size=array([3840, 2160]), stencilBits=0, stereo=False, units='height', useFBO=True, useRetina=False, viewOri=0.0, viewPos=None, viewScale=None, waitBlanking=True, winType='pyglet')
23.4106 	EXP 	window1: recordFrameIntervals = False
23.5771 	EXP 	window1: recordFrameIntervals = True
23.7604 	EXP 	window1: recordFrameIntervals = False
24.2585 	EXP 	Created Instr_CR_text = TextStim(__class__=<class 'psychopy.visual.text.TextStim'>, alignHoriz=method-wrapper(...), alignText='center', alignVert=method-wrapper(...), anchorHoriz='center', anchorVert='center', antialias=True, autoLog=True, bold=False, color='white', colorSpace='named', contrast=1.0, depth=0.0, flipHoriz=False, flipVert=False, font='Arial', fontFiles=[], height=0.05, italic=False, languageStyle='LTR', name='Instr_CR_text', opacity=1.0, ori=0, pos=array([0., 0.]), rgb=array([255., 255., 255.]), text=str(...), units='height', win=Window(...), wrapWidth=1)
24.2850 	EXP 	Created circle_frame = Polygon(__class__=<class 'psychopy.visual.polygon.Polygon'>, autoDraw=False, autoLog=True, closeShape=True, color=method-wrapper(...), colorSpace=None, contrast=1.0, depth=0.0, fillColor=array([-1., -1., -1.]), fillColorSpace='rgb', fillRGB=array([-1., -1., -1.]), interpolate=True, lineColor=array([1., 1., 1.]), lineColorSpace='rgb', lineRGB=array([1., 1., 1.]), lineWidth=10, name='circle_frame', opacity=1.0, ori=array(0.), pos=array([0., 0.]), size=array([0.3, 0.3]), units='height', vertices=ndarray(...), win=Window(...))
24.2879 	EXP 	Created stim_image = ImageStim(__class__=<class 'psychopy.visual.image.ImageStim'>, autoLog=True, color=array([1., 1., 1.]), colorSpace='rgb', contrast=1.0, depth=-1.0, flipHoriz=False, flipVert=False, image='sin', interpolate=False, mask=None, maskParams=None, name='stim_image', opacity=1.0, ori=0.0, pos=array([0., 0.]), size=array([0.25, 0.25]), texRes=128, units='height', win=Window(...))
24.3009 	EXP 	Created feedback_circle = Polygon(__class__=<class 'psychopy.visual.polygon.Polygon'>, autoDraw=False, autoLog=True, closeShape=True, color=method-wrapper(...), colorSpace=None, contrast=1.0, depth=0.0, fillColor=array([-1., -1., -1.]), fillColorSpace='rgb', fillRGB=array([-1., -1., -1.]), interpolate=True, lineColor=array([1., 1., 1.]), lineColorSpace='rgb', lineRGB=array([1., 1., 1.]), lineWidth=10, name='feedback_circle', opacity=1.0, ori=array(0.), pos=array([0., 0.]), size=array([0.3, 0.3]), units='height', vertices=ndarray(...), win=Window(...))
24.3029 	EXP 	Created feedback_image = ImageStim(__class__=<class 'psychopy.visual.image.ImageStim'>, autoLog=True, color='white', colorSpace='named', contrast=1.0, depth=-1.0, flipHoriz=False, flipVert=False, image='sin', interpolate=False, mask=None, maskParams=None, name='feedback_image', opacity=1.0, ori=0.0, pos=array([0., 0.]), size=array([0.25, 0.25]), texRes=128, units='height', win=Window(...))
24.3418 	EXP 	Instr_CR_text: autoDraw = True
25.2259 	EXP 	Imported conditions.xlsx as conditions, 8 conditions, 3 params
25.2262 	EXP 	Created sequence: random, trialTypes=8, nReps=1, seed=None
25.2265 	EXP 	New trial (rep=0, index=0): OrderedDict([('Stim', 'd'), ('CorrResp', 'l'), ('imStim', 'media/ddnb.png')])
25.2315 	DATA 	Keypress: h
25.2384 	EXP 	Instr_CR_text: autoDraw = False
25.2384 	EXP 	stim_image: image = 'media/ddnb.png'
25.2384 	EXP 	circle_frame: autoDraw = True
25.2384 	EXP 	stim_image: autoDraw = True
25.7866 	DATA 	Keypress: h
25.7972 	EXP 	circle_frame: autoDraw = False
25.7972 	EXP 	stim_image: autoDraw = False
25.7972 	EXP 	feedback_circle: lineColor = '[1. 1. 1.] (rgb)'
25.7972 	EXP 	feedback_image: color = '[ 1. -1. -1.] (rgb)'
25.7972 	EXP 	feedback_image: image = 'media/ddnb.png'
25.7972 	EXP 	feedback_circle: autoDraw = True
25.7972 	EXP 	feedback_image: autoDraw = True
26.7979 	EXP 	New trial (rep=0, index=1): OrderedDict([('Stim', 'e'), ('CorrResp', 'h'), ('imStim', 'media/denb.png')])
26.8146 	EXP 	feedback_circle: autoDraw = False
26.8146 	EXP 	feedback_image: autoDraw = False
26.8146 	EXP 	feedback_circle: autoDraw = False
26.8146 	EXP 	feedback_image: autoDraw = False
26.8146 	EXP 	stim_image: image = 'media/denb.png'
26.8146 	EXP 	circle_frame: autoDraw = True
26.8146 	EXP 	stim_image: autoDraw = True
27.3074 	DATA 	Keypress: u
27.3145 	EXP 	circle_frame: autoDraw = False
27.3145 	EXP 	stim_image: autoDraw = False
27.3145 	EXP 	feedback_circle: lineColor = '[1. 1. 1.] (rgb)'
27.3145 	EXP 	feedback_image: color = '[0.1 0.5 0.3] (rgb)'
27.3145 	EXP 	feedback_image: image = 'media/denb.png'
27.3145 	EXP 	feedback_circle: autoDraw = True
27.3145 	EXP 	feedback_image: autoDraw = True
27.6124 	EXP 	New trial (rep=0, index=2): OrderedDict([('Stim', 'a'), ('CorrResp', 'h'), ('imStim', 'media/danb.png')])
27.6298 	EXP 	feedback_circle: autoDraw = False
27.6298 	EXP 	feedback_image: autoDraw = False
27.6298 	EXP 	feedback_circle: autoDraw = False
27.6298 	EXP 	feedback_image: autoDraw = False
27.6298 	EXP 	stim_image: image = 'media/danb.png'
27.6298 	EXP 	circle_frame: autoDraw = True
27.6298 	EXP 	stim_image: autoDraw = True
28.1422 	DATA 	Keypress: i
28.1492 	EXP 	circle_frame: autoDraw = False
28.1492 	EXP 	stim_image: autoDraw = False
28.1492 	EXP 	feedback_circle: lineColor = '[1. 1. 1.] (rgb)'
28.1492 	EXP 	feedback_image: color = '[0.1 0.5 0.3] (rgb)'
28.1492 	EXP 	feedback_image: image = 'media/danb.png'
28.1492 	EXP 	feedback_circle: autoDraw = True
28.1492 	EXP 	feedback_image: autoDraw = True
28.4476 	EXP 	New trial (rep=0, index=3): OrderedDict([('Stim', 'f'), ('CorrResp', 'u'), ('imStim', 'media/dfnb.png')])
28.4644 	EXP 	feedback_circle: autoDraw = False
28.4644 	EXP 	feedback_image: autoDraw = False
28.4644 	EXP 	feedback_circle: autoDraw = False
28.4644 	EXP 	feedback_image: autoDraw = False
28.4644 	EXP 	stim_image: image = 'media/dfnb.png'
28.4644 	EXP 	circle_frame: autoDraw = True
28.4644 	EXP 	stim_image: autoDraw = True
28.7983 	DATA 	Keypress: l
28.8313 	EXP 	circle_frame: autoDraw = False
28.8313 	EXP 	stim_image: autoDraw = False
28.8313 	EXP 	feedback_circle: lineColor = '[1. 1. 1.] (rgb)'
28.8313 	EXP 	feedback_image: color = '[0.1 0.5 0.3] (rgb)'
28.8313 	EXP 	feedback_image: image = 'media/dfnb.png'
28.8313 	EXP 	feedback_circle: autoDraw = True
28.8313 	EXP 	feedback_image: autoDraw = True
29.1310 	EXP 	New trial (rep=0, index=4): OrderedDict([('Stim', 'h'), ('CorrResp', 'l'), ('imStim', 'media/dhnb.png')])
29.1483 	EXP 	feedback_circle: autoDraw = False
29.1483 	EXP 	feedback_image: autoDraw = False
29.1483 	EXP 	feedback_circle: autoDraw = False
29.1483 	EXP 	feedback_image: autoDraw = False
29.1483 	EXP 	stim_image: image = 'media/dhnb.png'
29.1483 	EXP 	circle_frame: autoDraw = True
29.1483 	EXP 	stim_image: autoDraw = True
29.7195 	DATA 	Keypress: h
29.7323 	EXP 	circle_frame: autoDraw = False
29.7323 	EXP 	stim_image: autoDraw = False
29.7323 	EXP 	feedback_circle: lineColor = '[1. 1. 1.] (rgb)'
29.7323 	EXP 	feedback_image: color = '[ 1. -1. -1.] (rgb)'
29.7323 	EXP 	feedback_image: image = 'media/dhnb.png'
29.7323 	EXP 	feedback_circle: autoDraw = True
29.7323 	EXP 	feedback_image: autoDraw = True
30.7316 	EXP 	New trial (rep=0, index=5): OrderedDict([('Stim', 'g'), ('CorrResp', 'i'), ('imStim', 'media/dgnb.png')])
30.7560 	EXP 	feedback_circle: autoDraw = False
30.7560 	EXP 	feedback_image: autoDraw = False
30.7560 	EXP 	feedback_circle: autoDraw = False
30.7560 	EXP 	feedback_image: autoDraw = False
30.7560 	EXP 	stim_image: image = 'media/dgnb.png'
30.7560 	EXP 	circle_frame: autoDraw = True
30.7560 	EXP 	stim_image: autoDraw = True
31.2923 	DATA 	Keypress: u
31.3207 	EXP 	circle_frame: autoDraw = False
31.3207 	EXP 	stim_image: autoDraw = False
31.3207 	EXP 	feedback_circle: lineColor = '[1. 1. 1.] (rgb)'
31.3207 	EXP 	feedback_image: color = '[0.1 0.5 0.3] (rgb)'
31.3207 	EXP 	feedback_image: image = 'media/dgnb.png'
31.3207 	EXP 	feedback_circle: autoDraw = True
31.3207 	EXP 	feedback_image: autoDraw = True
31.6169 	EXP 	New trial (rep=0, index=6): OrderedDict([('Stim', 'c'), ('CorrResp', 'i'), ('imStim', 'media/dcnb.png')])
31.6342 	EXP 	feedback_circle: autoDraw = False
31.6342 	EXP 	feedback_image: autoDraw = False
31.6342 	EXP 	feedback_circle: autoDraw = False
31.6342 	EXP 	feedback_image: autoDraw = False
31.6342 	EXP 	stim_image: image = 'media/dcnb.png'
31.6342 	EXP 	circle_frame: autoDraw = True
31.6342 	EXP 	stim_image: autoDraw = True
32.6617 	DATA 	Mouse: Left button down, pos=(823,634)
32.7602 	DATA 	Mouse:  Left button up, pos=(823,634)
32.9399 	DATA 	Keypress: escape
33.0724 	EXP 	window1: mouseVisible = True
