1.5281 	WARNING 	We strongly recommend you activate the PTB sound engine in PsychoPy prefs as the preferred audio engine. Its timing is vastly superior. Your prefs are currently set to use ['sounddevice', 'PTB', 'pyo', 'pygame'] (in that order).
4.1015 	WARNING 	User requested fullscreen with size [1280  720], but screen is actually [3840, 2160]. Using actual size
5.8532 	EXP 	Created window1 = Window(allowGUI=False, allowStencil=False, args=UNKNOWN, autoLog=True, bitsMode=UNKNOWN, blendMode='avg', bpc=(8, 8, 8), color=array([-1., -1., -1.]), colorSpace='rgb', depthBits=8, fullscr=<method-wrapper '__getattribute__' of attributeSetter object at 0x000001BB76361908>, gamma=None, gammaErrorPolicy='raise', kwargs=UNKNOWN, lms=UNKNOWN, monitor=<psychopy.monitors.calibTools.Monitor object at 0x000001BB75F404E0>, multiSample=False, name='window1', numSamples=2, pos=[0.0, 0.0], screen=1, size=array([3840, 2160]), stencilBits=0, stereo=False, units='height', useFBO=True, useRetina=False, viewOri=0.0, viewPos=None, viewScale=None, waitBlanking=True, winType='pyglet')
5.8533 	EXP 	window1: recordFrameIntervals = False
6.0187 	EXP 	window1: recordFrameIntervals = True
6.2028 	EXP 	window1: recordFrameIntervals = False
6.4949 	EXP 	Created Instr_CR_text = TextStim(__class__=<class 'psychopy.visual.text.TextStim'>, alignHoriz=method-wrapper(...), alignText='center', alignVert=method-wrapper(...), anchorHoriz='center', anchorVert='center', antialias=True, autoLog=True, bold=False, color='white', colorSpace='named', contrast=1.0, depth=0.0, flipHoriz=False, flipVert=False, font='Arial', fontFiles=[], height=0.05, italic=False, languageStyle='LTR', name='Instr_CR_text', opacity=1.0, ori=0, pos=array([0., 0.]), rgb=array([255., 255., 255.]), text=str(...), units='height', win=Window(...), wrapWidth=1)
6.5061 	EXP 	Created circle_frame = Polygon(__class__=<class 'psychopy.visual.polygon.Polygon'>, autoDraw=False, autoLog=True, closeShape=True, color=method-wrapper(...), colorSpace=None, contrast=1.0, depth=0.0, fillColor=array([-1., -1., -1.]), fillColorSpace='rgb', fillRGB=array([-1., -1., -1.]), interpolate=True, lineColor=array([1., 1., 1.]), lineColorSpace='rgb', lineRGB=array([1., 1., 1.]), lineWidth=1, name='circle_frame', opacity=1.0, ori=array(0.), pos=array([0., 0.]), size=array([0.25, 0.25]), units='height', vertices=ndarray(...), win=Window(...))
6.5086 	EXP 	Created stim_image = ImageStim(__class__=<class 'psychopy.visual.image.ImageStim'>, autoLog=True, color=array([1., 1., 1.]), colorSpace='rgb', contrast=1.0, depth=-1.0, flipHoriz=False, flipVert=False, image='sin', interpolate=False, mask=None, maskParams=None, name='stim_image', opacity=1.0, ori=0.0, pos=array([0., 0.]), size=array([0.2, 0.2]), texRes=128, units='height', win=Window(...))
6.5486 	EXP 	Instr_CR_text: autoDraw = True
6.9474 	EXP 	Imported conditions.xlsx as conditions, 8 conditions, 3 params
6.9477 	EXP 	Created sequence: random, trialTypes=8, nReps=1, seed=None
6.9479 	EXP 	New trial (rep=0, index=0): OrderedDict([('Stim', 'g'), ('CorrResp', 'i'), ('imStim', 'media/dgnb.png')])
6.9530 	DATA 	Keypress: h
6.9632 	EXP 	Instr_CR_text: autoDraw = False
6.9632 	EXP 	stim_image: image = 'media/dgnb.png'
6.9632 	EXP 	circle_frame: autoDraw = True
6.9632 	EXP 	stim_image: autoDraw = True
7.4835 	EXP 	New trial (rep=0, index=1): OrderedDict([('Stim', 'c'), ('CorrResp', 'i'), ('imStim', 'media/dcnb.png')])
7.4898 	DATA 	Keypress: h
7.5085 	EXP 	circle_frame: autoDraw = False
7.5085 	EXP 	stim_image: autoDraw = False
7.5085 	EXP 	stim_image: image = 'media/dcnb.png'
7.5085 	EXP 	circle_frame: autoDraw = True
7.5085 	EXP 	stim_image: autoDraw = True
8.0212 	EXP 	New trial (rep=0, index=2): OrderedDict([('Stim', 'e'), ('CorrResp', 'h'), ('imStim', 'media/denb.png')])
8.0295 	DATA 	Keypress: u
8.0439 	EXP 	circle_frame: autoDraw = False
8.0439 	EXP 	stim_image: autoDraw = False
8.0439 	EXP 	stim_image: image = 'media/denb.png'
8.0439 	EXP 	circle_frame: autoDraw = True
8.0439 	EXP 	stim_image: autoDraw = True
8.5669 	EXP 	New trial (rep=0, index=3): OrderedDict([('Stim', 'd'), ('CorrResp', 'l'), ('imStim', 'media/ddnb.png')])
8.5770 	DATA 	Keypress: i
8.5938 	EXP 	circle_frame: autoDraw = False
8.5938 	EXP 	stim_image: autoDraw = False
8.5938 	EXP 	stim_image: image = 'media/ddnb.png'
8.5938 	EXP 	circle_frame: autoDraw = True
8.5938 	EXP 	stim_image: autoDraw = True
9.0458 	EXP 	New trial (rep=0, index=4): OrderedDict([('Stim', 'h'), ('CorrResp', 'l'), ('imStim', 'media/dhnb.png')])
9.0510 	DATA 	Keypress: l
9.0623 	EXP 	circle_frame: autoDraw = False
9.0623 	EXP 	stim_image: autoDraw = False
9.0623 	EXP 	stim_image: image = 'media/dhnb.png'
9.0623 	EXP 	circle_frame: autoDraw = True
9.0623 	EXP 	stim_image: autoDraw = True
9.5080 	EXP 	New trial (rep=0, index=5): OrderedDict([('Stim', 'f'), ('CorrResp', 'u'), ('imStim', 'media/dfnb.png')])
9.5119 	DATA 	Keypress: h
9.5265 	EXP 	circle_frame: autoDraw = False
9.5265 	EXP 	stim_image: autoDraw = False
9.5265 	EXP 	stim_image: image = 'media/dfnb.png'
9.5265 	EXP 	circle_frame: autoDraw = True
9.5265 	EXP 	stim_image: autoDraw = True
10.2758 	EXP 	New trial (rep=0, index=6): OrderedDict([('Stim', 'b'), ('CorrResp', 'u'), ('imStim', 'media/dbnb.png')])
10.2819 	DATA 	Keypress: u
10.2939 	EXP 	circle_frame: autoDraw = False
10.2939 	EXP 	stim_image: autoDraw = False
10.2939 	EXP 	stim_image: image = 'media/dbnb.png'
10.2939 	EXP 	circle_frame: autoDraw = True
10.2939 	EXP 	stim_image: autoDraw = True
10.8850 	DATA 	Keypress: i
10.9077 	EXP 	New trial (rep=0, index=7): OrderedDict([('Stim', 'a'), ('CorrResp', 'h'), ('imStim', 'media/danb.png')])
10.9264 	EXP 	circle_frame: autoDraw = False
10.9264 	EXP 	stim_image: autoDraw = False
10.9264 	EXP 	stim_image: image = 'media/danb.png'
10.9264 	EXP 	circle_frame: autoDraw = True
10.9264 	EXP 	stim_image: autoDraw = True
11.3189 	DATA 	Keypress: l
11.3363 	EXP 	circle_frame: autoDraw = False
11.3363 	EXP 	stim_image: autoDraw = False
11.4091 	EXP 	window1: mouseVisible = True
