1.5123 	WARNING 	We strongly recommend you activate the PTB sound engine in PsychoPy prefs as the preferred audio engine. Its timing is vastly superior. Your prefs are currently set to use ['sounddevice', 'PTB', 'pyo', 'pygame'] (in that order).
4.7875 	WARNING 	User requested fullscreen with size [1280  720], but screen is actually [3840, 2160]. Using actual size
6.8755 	EXP 	Created window1 = Window(allowGUI=False, allowStencil=False, args=UNKNOWN, autoLog=True, bitsMode=UNKNOWN, blendMode='avg', bpc=(8, 8, 8), color=array([-1., -1., -1.]), colorSpace='rgb', depthBits=8, fullscr=<method-wrapper '__getattribute__' of attributeSetter object at 0x0000021561706C50>, gamma=None, gammaErrorPolicy='raise', kwargs=UNKNOWN, lms=UNKNOWN, monitor=<psychopy.monitors.calibTools.Monitor object at 0x0000021561465828>, multiSample=False, name='window1', numSamples=2, pos=[0.0, 0.0], screen=1, size=array([3840, 2160]), stencilBits=0, stereo=False, units='height', useFBO=True, useRetina=False, viewOri=0.0, viewPos=None, viewScale=None, waitBlanking=True, winType='pyglet')
6.8755 	EXP 	window1: recordFrameIntervals = False
7.0426 	EXP 	window1: recordFrameIntervals = True
7.2253 	EXP 	window1: recordFrameIntervals = False
7.5247 	EXP 	Created Instr_CR_text = TextStim(__class__=<class 'psychopy.visual.text.TextStim'>, alignHoriz=method-wrapper(...), alignText='center', alignVert=method-wrapper(...), anchorHoriz='center', anchorVert='center', antialias=True, autoLog=True, bold=False, color='white', colorSpace='named', contrast=1.0, depth=0.0, flipHoriz=False, flipVert=False, font='Arial', fontFiles=[], height=0.05, italic=False, languageStyle='LTR', name='Instr_CR_text', opacity=1.0, ori=0, pos=array([0., 0.]), rgb=array([255., 255., 255.]), text=str(...), units='height', win=Window(...), wrapWidth=1)
7.5359 	EXP 	Created circle_frame = Polygon(__class__=<class 'psychopy.visual.polygon.Polygon'>, autoDraw=False, autoLog=True, closeShape=True, color=method-wrapper(...), colorSpace=None, contrast=1.0, depth=0.0, fillColor=array([-1., -1., -1.]), fillColorSpace='rgb', fillRGB=array([-1., -1., -1.]), interpolate=True, lineColor=array([1., 1., 1.]), lineColorSpace='rgb', lineRGB=array([1., 1., 1.]), lineWidth=1.2, name='circle_frame', opacity=1.0, ori=array(0.), pos=array([0., 0.]), size=array([0.25, 0.25]), units='height', vertices=ndarray(...), win=Window(...))
7.5385 	EXP 	Created stim_image = ImageStim(__class__=<class 'psychopy.visual.image.ImageStim'>, autoLog=True, color=array([1., 1., 1.]), colorSpace='rgb', contrast=1.0, depth=-1.0, flipHoriz=False, flipVert=False, image='sin', interpolate=False, mask=None, maskParams=None, name='stim_image', opacity=1.0, ori=0.0, pos=array([0., 0.]), size=array([0.2, 0.2]), texRes=128, units='height', win=Window(...))
7.5498 	EXP 	Created feedback_circle = Polygon(__class__=<class 'psychopy.visual.polygon.Polygon'>, autoDraw=False, autoLog=True, closeShape=True, color=method-wrapper(...), colorSpace=None, contrast=1.0, depth=0.0, fillColor=array([1., 1., 1.]), fillColorSpace='rgb', fillRGB=array([1., 1., 1.]), interpolate=True, lineColor=array([1., 1., 1.]), lineColorSpace='rgb', lineRGB=array([1., 1., 1.]), lineWidth=1.2, name='feedback_circle', opacity=1.0, ori=array(0.), pos=array([0., 0.]), size=array([0.25, 0.25]), units='height', vertices=ndarray(...), win=Window(...))
7.5518 	EXP 	Created feedback_image = ImageStim(__class__=<class 'psychopy.visual.image.ImageStim'>, autoLog=True, color='white', colorSpace='named', contrast=1.0, depth=-1.0, flipHoriz=False, flipVert=False, image='sin', interpolate=False, mask=None, maskParams=None, name='feedback_image', opacity=1.0, ori=0.0, pos=array([0., 0.]), size=array([0.2, 0.2]), texRes=128, units='height', win=Window(...))
7.5922 	EXP 	Instr_CR_text: autoDraw = True
8.1478 	EXP 	Imported conditions.xlsx as conditions, 8 conditions, 3 params
8.1481 	EXP 	Created sequence: random, trialTypes=8, nReps=1, seed=None
8.1483 	EXP 	New trial (rep=0, index=0): OrderedDict([('Stim', 'e'), ('CorrResp', 'h'), ('imStim', 'media/denb.png')])
8.1544 	DATA 	Keypress: h
8.1685 	EXP 	Instr_CR_text: autoDraw = False
8.1685 	EXP 	stim_image: image = 'media/denb.png'
8.1685 	EXP 	circle_frame: autoDraw = True
8.1685 	EXP 	stim_image: autoDraw = True
8.8279 	DATA 	Keypress: h
8.8714 	EXP 	circle_frame: autoDraw = False
8.8714 	EXP 	stim_image: autoDraw = False
8.8714 	EXP 	feedback_circle: fillColor = '[0.1 0.5 0.3] (rgb)'
8.8714 	EXP 	feedback_image: color = '[0.1 0.5 0.3] (rgb)'
8.8714 	EXP 	feedback_image: image = 'media/denb.png'
8.8714 	EXP 	feedback_circle: autoDraw = True
8.8714 	EXP 	feedback_image: autoDraw = True
9.1700 	EXP 	New trial (rep=0, index=1): OrderedDict([('Stim', 'g'), ('CorrResp', 'i'), ('imStim', 'media/dgnb.png')])
9.1937 	EXP 	feedback_circle: autoDraw = False
9.1937 	EXP 	feedback_image: autoDraw = False
9.1937 	EXP 	feedback_circle: autoDraw = False
9.1937 	EXP 	feedback_image: autoDraw = False
9.1937 	EXP 	stim_image: image = 'media/dgnb.png'
9.1937 	EXP 	circle_frame: autoDraw = True
9.1937 	EXP 	stim_image: autoDraw = True
9.7593 	DATA 	Keypress: u
9.7707 	EXP 	circle_frame: autoDraw = False
9.7707 	EXP 	stim_image: autoDraw = False
9.7707 	EXP 	feedback_circle: fillColor = '[0.1 0.5 0.3] (rgb)'
9.7707 	EXP 	feedback_image: color = '[0.1 0.5 0.3] (rgb)'
9.7707 	EXP 	feedback_image: image = 'media/dgnb.png'
9.7707 	EXP 	feedback_circle: autoDraw = True
9.7707 	EXP 	feedback_image: autoDraw = True
10.0615 	EXP 	New trial (rep=0, index=2): OrderedDict([('Stim', 'f'), ('CorrResp', 'u'), ('imStim', 'media/dfnb.png')])
10.0827 	EXP 	feedback_circle: autoDraw = False
10.0827 	EXP 	feedback_image: autoDraw = False
10.0827 	EXP 	feedback_circle: autoDraw = False
10.0827 	EXP 	feedback_image: autoDraw = False
10.0827 	EXP 	stim_image: image = 'media/dfnb.png'
10.0827 	EXP 	circle_frame: autoDraw = True
10.0827 	EXP 	stim_image: autoDraw = True
13.5048 	DATA 	Keypress: i
13.5463 	EXP 	circle_frame: autoDraw = False
13.5463 	EXP 	stim_image: autoDraw = False
13.5463 	EXP 	feedback_circle: fillColor = '[0.1 0.5 0.3] (rgb)'
13.5463 	EXP 	feedback_image: color = '[0.1 0.5 0.3] (rgb)'
13.5463 	EXP 	feedback_image: image = 'media/dfnb.png'
13.5463 	EXP 	feedback_circle: autoDraw = True
13.5463 	EXP 	feedback_image: autoDraw = True
13.8336 	EXP 	New trial (rep=0, index=3): OrderedDict([('Stim', 'a'), ('CorrResp', 'h'), ('imStim', 'media/danb.png')])
13.8574 	EXP 	feedback_circle: autoDraw = False
13.8574 	EXP 	feedback_image: autoDraw = False
13.8574 	EXP 	feedback_circle: autoDraw = False
13.8574 	EXP 	feedback_image: autoDraw = False
13.8574 	EXP 	stim_image: image = 'media/danb.png'
13.8574 	EXP 	circle_frame: autoDraw = True
13.8574 	EXP 	stim_image: autoDraw = True
14.6253 	DATA 	Keypress: l
14.6345 	EXP 	circle_frame: autoDraw = False
14.6345 	EXP 	stim_image: autoDraw = False
14.6345 	EXP 	feedback_circle: fillColor = '[0.1 0.5 0.3] (rgb)'
14.6345 	EXP 	feedback_image: color = '[0.1 0.5 0.3] (rgb)'
14.6345 	EXP 	feedback_image: image = 'media/danb.png'
14.6345 	EXP 	feedback_circle: autoDraw = True
14.6345 	EXP 	feedback_image: autoDraw = True
14.9274 	EXP 	New trial (rep=0, index=4): OrderedDict([('Stim', 'h'), ('CorrResp', 'l'), ('imStim', 'media/dhnb.png')])
14.9446 	EXP 	feedback_circle: autoDraw = False
14.9446 	EXP 	feedback_image: autoDraw = False
14.9446 	EXP 	feedback_circle: autoDraw = False
14.9446 	EXP 	feedback_image: autoDraw = False
14.9446 	EXP 	stim_image: image = 'media/dhnb.png'
14.9446 	EXP 	circle_frame: autoDraw = True
14.9446 	EXP 	stim_image: autoDraw = True
15.9322 	DATA 	Keypress: escape
16.1245 	EXP 	window1: mouseVisible = True
