1.5336 	WARNING 	We strongly recommend you activate the PTB sound engine in PsychoPy prefs as the preferred audio engine. Its timing is vastly superior. Your prefs are currently set to use ['sounddevice', 'PTB', 'pyo', 'pygame'] (in that order).
4.8565 	WARNING 	User requested fullscreen with size [1280  720], but screen is actually [3840, 2160]. Using actual size
6.9897 	EXP 	Created window1 = Window(allowGUI=False, allowStencil=False, args=UNKNOWN, autoLog=True, bitsMode=UNKNOWN, blendMode='avg', bpc=(8, 8, 8), color=array([-1., -1., -1.]), colorSpace='rgb', depthBits=8, fullscr=<method-wrapper '__getattribute__' of attributeSetter object at 0x00000207572FFF98>, gamma=None, gammaErrorPolicy='raise', kwargs=UNKNOWN, lms=UNKNOWN, monitor=<psychopy.monitors.calibTools.Monitor object at 0x0000020757488B70>, multiSample=False, name='window1', numSamples=2, pos=[0.0, 0.0], screen=1, size=array([3840, 2160]), stencilBits=0, stereo=False, units='height', useFBO=True, useRetina=False, viewOri=0.0, viewPos=None, viewScale=None, waitBlanking=True, winType='pyglet')
6.9898 	EXP 	window1: recordFrameIntervals = False
7.1557 	EXP 	window1: recordFrameIntervals = True
7.3388 	EXP 	window1: recordFrameIntervals = False
7.6304 	EXP 	Created Instr_CR_text = TextStim(__class__=<class 'psychopy.visual.text.TextStim'>, alignHoriz=method-wrapper(...), alignText='center', alignVert=method-wrapper(...), anchorHoriz='center', anchorVert='center', antialias=True, autoLog=True, bold=False, color='white', colorSpace='named', contrast=1.0, depth=0.0, flipHoriz=False, flipVert=False, font='Arial', fontFiles=[], height=0.05, italic=False, languageStyle='LTR', name='Instr_CR_text', opacity=1.0, ori=0, pos=array([0., 0.]), rgb=array([255., 255., 255.]), text=str(...), units='height', win=Window(...), wrapWidth=1)
7.6422 	EXP 	Created circle_frame = Polygon(__class__=<class 'psychopy.visual.polygon.Polygon'>, autoDraw=False, autoLog=True, closeShape=True, color=method-wrapper(...), colorSpace=None, contrast=1.0, depth=0.0, fillColor=array([-1., -1., -1.]), fillColorSpace='rgb', fillRGB=array([-1., -1., -1.]), interpolate=True, lineColor=array([1., 1., 1.]), lineColorSpace='rgb', lineRGB=array([1., 1., 1.]), lineWidth=10, name='circle_frame', opacity=1.0, ori=array(0.), pos=array([0., 0.]), size=array([0.3, 0.3]), units='height', vertices=ndarray(...), win=Window(...))
7.6448 	EXP 	Created stim_image = ImageStim(__class__=<class 'psychopy.visual.image.ImageStim'>, autoLog=True, color=array([1., 1., 1.]), colorSpace='rgb', contrast=1.0, depth=-1.0, flipHoriz=False, flipVert=False, image='sin', interpolate=False, mask=None, maskParams=None, name='stim_image', opacity=1.0, ori=0.0, pos=array([0., 0.]), size=array([0.25, 0.25]), texRes=128, units='height', win=Window(...))
7.6550 	EXP 	Created feedback_circle = Polygon(__class__=<class 'psychopy.visual.polygon.Polygon'>, autoDraw=False, autoLog=True, closeShape=True, color=method-wrapper(...), colorSpace=None, contrast=1.0, depth=0.0, fillColor=array([-1., -1., -1.]), fillColorSpace='rgb', fillRGB=array([-1., -1., -1.]), interpolate=True, lineColor=array([1., 1., 1.]), lineColorSpace='rgb', lineRGB=array([1., 1., 1.]), lineWidth=10, name='feedback_circle', opacity=1.0, ori=array(0.), pos=array([0., 0.]), size=array([0.3, 0.3]), units='height', vertices=ndarray(...), win=Window(...))
7.6571 	EXP 	Created feedback_image = ImageStim(__class__=<class 'psychopy.visual.image.ImageStim'>, autoLog=True, color='white', colorSpace='named', contrast=1.0, depth=-1.0, flipHoriz=False, flipVert=False, image='sin', interpolate=False, mask=None, maskParams=None, name='feedback_image', opacity=1.0, ori=0.0, pos=array([0., 0.]), size=array([0.25, 0.25]), texRes=128, units='height', win=Window(...))
7.6939 	EXP 	Instr_CR_text: autoDraw = True
8.2945 	EXP 	Imported conditions.xlsx as conditions, 8 conditions, 3 params
8.2948 	EXP 	Created sequence: random, trialTypes=8, nReps=1, seed=None
8.2950 	EXP 	New trial (rep=0, index=0): OrderedDict([('Stim', 'a'), ('CorrResp', 'h'), ('imStim', 'media/danb.png')])
8.3053 	DATA 	Keypress: h
8.3181 	EXP 	Instr_CR_text: autoDraw = False
8.3181 	EXP 	stim_image: image = 'media/danb.png'
8.3181 	EXP 	circle_frame: autoDraw = True
8.3181 	EXP 	stim_image: autoDraw = True
8.9240 	DATA 	Keypress: h
8.9657 	EXP 	circle_frame: autoDraw = False
8.9657 	EXP 	stim_image: autoDraw = False
8.9657 	EXP 	feedback_circle: lineColor = '[1. 1. 1.] (rgb)'
8.9657 	EXP 	feedback_image: color = '[ 1. -1. -1.] (rgb)'
8.9657 	EXP 	feedback_image: image = 'media/danb.png'
8.9657 	EXP 	feedback_circle: autoDraw = True
8.9657 	EXP 	feedback_image: autoDraw = True
9.9582 	EXP 	New trial (rep=0, index=1): OrderedDict([('Stim', 'd'), ('CorrResp', 'l'), ('imStim', 'media/ddnb.png')])
9.9803 	EXP 	feedback_circle: autoDraw = False
9.9803 	EXP 	feedback_image: autoDraw = False
9.9803 	EXP 	feedback_circle: autoDraw = False
9.9803 	EXP 	feedback_image: autoDraw = False
9.9803 	EXP 	stim_image: image = 'media/ddnb.png'
9.9803 	EXP 	circle_frame: autoDraw = True
9.9803 	EXP 	stim_image: autoDraw = True
10.6089 	DATA 	Keypress: i
10.6274 	EXP 	circle_frame: autoDraw = False
10.6274 	EXP 	stim_image: autoDraw = False
10.6274 	EXP 	feedback_circle: lineColor = '[1. 1. 1.] (rgb)'
10.6274 	EXP 	feedback_image: color = '[0.1 0.5 0.3] (rgb)'
10.6274 	EXP 	feedback_image: image = 'media/ddnb.png'
10.6274 	EXP 	feedback_circle: autoDraw = True
10.6274 	EXP 	feedback_image: autoDraw = True
10.9291 	EXP 	New trial (rep=0, index=2): OrderedDict([('Stim', 'b'), ('CorrResp', 'u'), ('imStim', 'media/dbnb.png')])
10.9474 	EXP 	feedback_circle: autoDraw = False
10.9474 	EXP 	feedback_image: autoDraw = False
10.9474 	EXP 	feedback_circle: autoDraw = False
10.9474 	EXP 	feedback_image: autoDraw = False
10.9474 	EXP 	stim_image: image = 'media/dbnb.png'
10.9474 	EXP 	circle_frame: autoDraw = True
10.9474 	EXP 	stim_image: autoDraw = True
11.5230 	DATA 	Keypress: l
11.5415 	EXP 	circle_frame: autoDraw = False
11.5415 	EXP 	stim_image: autoDraw = False
11.5415 	EXP 	feedback_circle: lineColor = '[1. 1. 1.] (rgb)'
11.5415 	EXP 	feedback_image: color = '[0.1 0.5 0.3] (rgb)'
11.5415 	EXP 	feedback_image: image = 'media/dbnb.png'
11.5415 	EXP 	feedback_circle: autoDraw = True
11.5415 	EXP 	feedback_image: autoDraw = True
11.8330 	EXP 	New trial (rep=0, index=3): OrderedDict([('Stim', 'c'), ('CorrResp', 'i'), ('imStim', 'media/dcnb.png')])
11.8560 	EXP 	feedback_circle: autoDraw = False
11.8560 	EXP 	feedback_image: autoDraw = False
11.8560 	EXP 	feedback_circle: autoDraw = False
11.8560 	EXP 	feedback_image: autoDraw = False
11.8560 	EXP 	stim_image: image = 'media/dcnb.png'
11.8560 	EXP 	circle_frame: autoDraw = True
11.8560 	EXP 	stim_image: autoDraw = True
12.2341 	DATA 	Keypress: h
12.2474 	EXP 	circle_frame: autoDraw = False
12.2474 	EXP 	stim_image: autoDraw = False
12.2474 	EXP 	feedback_circle: lineColor = '[1. 1. 1.] (rgb)'
12.2474 	EXP 	feedback_image: color = '[ 1. -1. -1.] (rgb)'
12.2474 	EXP 	feedback_image: image = 'media/dcnb.png'
12.2474 	EXP 	feedback_circle: autoDraw = True
12.2474 	EXP 	feedback_image: autoDraw = True
13.2425 	EXP 	New trial (rep=0, index=4): OrderedDict([('Stim', 'h'), ('CorrResp', 'l'), ('imStim', 'media/dhnb.png')])
13.2476 	DATA 	Keypress: u
13.2641 	EXP 	feedback_circle: autoDraw = False
13.2641 	EXP 	feedback_image: autoDraw = False
13.2641 	EXP 	feedback_circle: autoDraw = False
13.2641 	EXP 	feedback_image: autoDraw = False
13.2641 	EXP 	stim_image: image = 'media/dhnb.png'
13.2641 	EXP 	circle_frame: autoDraw = True
13.2641 	EXP 	stim_image: autoDraw = True
13.8172 	DATA 	Keypress: u
13.8304 	EXP 	circle_frame: autoDraw = False
13.8304 	EXP 	stim_image: autoDraw = False
13.8304 	EXP 	feedback_circle: lineColor = '[1. 1. 1.] (rgb)'
13.8304 	EXP 	feedback_image: color = '[0.1 0.5 0.3] (rgb)'
13.8304 	EXP 	feedback_image: image = 'media/dhnb.png'
13.8304 	EXP 	feedback_circle: autoDraw = True
13.8304 	EXP 	feedback_image: autoDraw = True
14.1151 	EXP 	New trial (rep=0, index=5): OrderedDict([('Stim', 'f'), ('CorrResp', 'u'), ('imStim', 'media/dfnb.png')])
14.1296 	EXP 	feedback_circle: autoDraw = False
14.1296 	EXP 	feedback_image: autoDraw = False
14.1296 	EXP 	feedback_circle: autoDraw = False
14.1296 	EXP 	feedback_image: autoDraw = False
14.1296 	EXP 	stim_image: image = 'media/dfnb.png'
14.1296 	EXP 	circle_frame: autoDraw = True
14.1296 	EXP 	stim_image: autoDraw = True
14.5234 	DATA 	Keypress: i
14.5643 	EXP 	circle_frame: autoDraw = False
14.5643 	EXP 	stim_image: autoDraw = False
14.5643 	EXP 	feedback_circle: lineColor = '[1. 1. 1.] (rgb)'
14.5643 	EXP 	feedback_image: color = '[0.1 0.5 0.3] (rgb)'
14.5643 	EXP 	feedback_image: image = 'media/dfnb.png'
14.5643 	EXP 	feedback_circle: autoDraw = True
14.5643 	EXP 	feedback_image: autoDraw = True
14.8609 	EXP 	New trial (rep=0, index=6): OrderedDict([('Stim', 'e'), ('CorrResp', 'h'), ('imStim', 'media/denb.png')])
14.8807 	EXP 	feedback_circle: autoDraw = False
14.8807 	EXP 	feedback_image: autoDraw = False
14.8807 	EXP 	feedback_circle: autoDraw = False
14.8807 	EXP 	feedback_image: autoDraw = False
14.8807 	EXP 	stim_image: image = 'media/denb.png'
14.8807 	EXP 	circle_frame: autoDraw = True
14.8807 	EXP 	stim_image: autoDraw = True
15.2050 	DATA 	Keypress: l
15.2500 	EXP 	circle_frame: autoDraw = False
15.2500 	EXP 	stim_image: autoDraw = False
15.2500 	EXP 	feedback_circle: lineColor = '[1. 1. 1.] (rgb)'
15.2500 	EXP 	feedback_image: color = '[0.1 0.5 0.3] (rgb)'
15.2500 	EXP 	feedback_image: image = 'media/denb.png'
15.2500 	EXP 	feedback_circle: autoDraw = True
15.2500 	EXP 	feedback_image: autoDraw = True
15.5484 	EXP 	New trial (rep=0, index=7): OrderedDict([('Stim', 'g'), ('CorrResp', 'i'), ('imStim', 'media/dgnb.png')])
15.5714 	EXP 	feedback_circle: autoDraw = False
15.5714 	EXP 	feedback_image: autoDraw = False
15.5714 	EXP 	feedback_circle: autoDraw = False
15.5714 	EXP 	feedback_image: autoDraw = False
15.5714 	EXP 	stim_image: image = 'media/dgnb.png'
15.5714 	EXP 	circle_frame: autoDraw = True
15.5714 	EXP 	stim_image: autoDraw = True
15.8740 	DATA 	Keypress: u
15.8929 	EXP 	circle_frame: autoDraw = False
15.8929 	EXP 	stim_image: autoDraw = False
15.8929 	EXP 	feedback_circle: lineColor = '[1. 1. 1.] (rgb)'
15.8929 	EXP 	feedback_image: color = '[0.1 0.5 0.3] (rgb)'
15.8929 	EXP 	feedback_image: image = 'media/dgnb.png'
15.8929 	EXP 	feedback_circle: autoDraw = True
15.8929 	EXP 	feedback_image: autoDraw = True
16.2089 	EXP 	feedback_circle: autoDraw = False
16.2089 	EXP 	feedback_image: autoDraw = False
16.2089 	EXP 	feedback_circle: autoDraw = False
16.2089 	EXP 	feedback_image: autoDraw = False
16.2886 	EXP 	window1: mouseVisible = True
