1.5206 	WARNING 	We strongly recommend you activate the PTB sound engine in PsychoPy prefs as the preferred audio engine. Its timing is vastly superior. Your prefs are currently set to use ['sounddevice', 'PTB', 'pyo', 'pygame'] (in that order).
3.5849 	WARNING 	User requested fullscreen with size [1280  720], but screen is actually [3840, 2160]. Using actual size
5.4208 	EXP 	Created window1 = Window(allowGUI=False, allowStencil=False, args=UNKNOWN, autoLog=True, bitsMode=UNKNOWN, blendMode='avg', bpc=(8, 8, 8), color=array([-1., -1., -1.]), colorSpace='rgb', depthBits=8, fullscr=<method-wrapper '__getattribute__' of attributeSetter object at 0x00000262BDC96BE0>, gamma=None, gammaErrorPolicy='raise', kwargs=UNKNOWN, lms=UNKNOWN, monitor=<psychopy.monitors.calibTools.Monitor object at 0x00000262BDA357B8>, multiSample=False, name='window1', numSamples=2, pos=[0.0, 0.0], screen=1, size=array([3840, 2160]), stencilBits=0, stereo=False, units='height', useFBO=True, useRetina=False, viewOri=0.0, viewPos=None, viewScale=None, waitBlanking=True, winType='pyglet')
5.4208 	EXP 	window1: recordFrameIntervals = False
5.5872 	EXP 	window1: recordFrameIntervals = True
5.7707 	EXP 	window1: recordFrameIntervals = False
6.0650 	EXP 	Created Instr_CR_text = TextStim(__class__=<class 'psychopy.visual.text.TextStim'>, alignHoriz=method-wrapper(...), alignText='center', alignVert=method-wrapper(...), anchorHoriz='center', anchorVert='center', antialias=True, autoLog=True, bold=False, color='white', colorSpace='named', contrast=1.0, depth=0.0, flipHoriz=False, flipVert=False, font='Arial', fontFiles=[], height=0.05, italic=False, languageStyle='LTR', name='Instr_CR_text', opacity=1.0, ori=0, pos=array([0., 0.]), rgb=array([255., 255., 255.]), text=str(...), units='height', win=Window(...), wrapWidth=1)
6.0761 	EXP 	Created circle_frame = Polygon(__class__=<class 'psychopy.visual.polygon.Polygon'>, autoDraw=False, autoLog=True, closeShape=True, color=method-wrapper(...), colorSpace=None, contrast=1.0, depth=0.0, fillColor=array([-1., -1., -1.]), fillColorSpace='rgb', fillRGB=array([-1., -1., -1.]), interpolate=True, lineColor=array([1., 1., 1.]), lineColorSpace='rgb', lineRGB=array([1., 1., 1.]), lineWidth=5, name='circle_frame', opacity=1.0, ori=array(0.), pos=array([0., 0.]), size=array([0.25, 0.25]), units='height', vertices=ndarray(...), win=Window(...))
6.0789 	EXP 	Created stim_image = ImageStim(__class__=<class 'psychopy.visual.image.ImageStim'>, autoLog=True, color=array([1., 1., 1.]), colorSpace='rgb', contrast=1.0, depth=-1.0, flipHoriz=False, flipVert=False, image='sin', interpolate=False, mask=None, maskParams=None, name='stim_image', opacity=1.0, ori=0.0, pos=array([0., 0.]), size=array([0.2, 0.2]), texRes=128, units='height', win=Window(...))
6.0886 	EXP 	Created feedback_circle = Polygon(__class__=<class 'psychopy.visual.polygon.Polygon'>, autoDraw=False, autoLog=True, closeShape=True, color=method-wrapper(...), colorSpace=None, contrast=1.0, depth=0.0, fillColor=array([-1., -1., -1.]), fillColorSpace='rgb', fillRGB=array([-1., -1., -1.]), interpolate=True, lineColor=array([1., 1., 1.]), lineColorSpace='rgb', lineRGB=array([1., 1., 1.]), lineWidth=5, name='feedback_circle', opacity=1.0, ori=array(0.), pos=array([0., 0.]), size=array([0.25, 0.25]), units='height', vertices=ndarray(...), win=Window(...))
6.0907 	EXP 	Created feedback_image = ImageStim(__class__=<class 'psychopy.visual.image.ImageStim'>, autoLog=True, color='white', colorSpace='named', contrast=1.0, depth=-1.0, flipHoriz=False, flipVert=False, image='sin', interpolate=False, mask=None, maskParams=None, name='feedback_image', opacity=1.0, ori=0.0, pos=array([0., 0.]), size=array([0.2, 0.2]), texRes=128, units='height', win=Window(...))
6.1297 	EXP 	Instr_CR_text: autoDraw = True
6.7203 	EXP 	Imported conditions.xlsx as conditions, 8 conditions, 3 params
6.7206 	EXP 	Created sequence: random, trialTypes=8, nReps=1, seed=None
6.7208 	EXP 	New trial (rep=0, index=0): OrderedDict([('Stim', 'h'), ('CorrResp', 'l'), ('imStim', 'media/dhnb.png')])
6.7275 	DATA 	Keypress: h
6.7394 	EXP 	Instr_CR_text: autoDraw = False
6.7394 	EXP 	stim_image: image = 'media/dhnb.png'
6.7394 	EXP 	circle_frame: autoDraw = True
6.7394 	EXP 	stim_image: autoDraw = True
7.2391 	DATA 	Keypress: h
7.2496 	EXP 	circle_frame: autoDraw = False
7.2496 	EXP 	stim_image: autoDraw = False
7.2496 	EXP 	feedback_circle: lineColor = '[0.1 0.5 0.3] (rgb)'
7.2496 	EXP 	feedback_image: color = '[0.1 0.5 0.3] (rgb)'
7.2496 	EXP 	feedback_image: image = 'media/dhnb.png'
7.2496 	EXP 	feedback_circle: autoDraw = True
7.2496 	EXP 	feedback_image: autoDraw = True
7.5426 	EXP 	New trial (rep=0, index=1): OrderedDict([('Stim', 'a'), ('CorrResp', 'h'), ('imStim', 'media/danb.png')])
7.5647 	EXP 	feedback_circle: autoDraw = False
7.5647 	EXP 	feedback_image: autoDraw = False
7.5647 	EXP 	feedback_circle: autoDraw = False
7.5647 	EXP 	feedback_image: autoDraw = False
7.5647 	EXP 	stim_image: image = 'media/danb.png'
7.5647 	EXP 	circle_frame: autoDraw = True
7.5647 	EXP 	stim_image: autoDraw = True
8.2642 	DATA 	Keypress: u
8.2776 	EXP 	circle_frame: autoDraw = False
8.2776 	EXP 	stim_image: autoDraw = False
8.2776 	EXP 	feedback_circle: lineColor = '[0.1 0.5 0.3] (rgb)'
8.2776 	EXP 	feedback_image: color = '[0.1 0.5 0.3] (rgb)'
8.2776 	EXP 	feedback_image: image = 'media/danb.png'
8.2776 	EXP 	feedback_circle: autoDraw = True
8.2776 	EXP 	feedback_image: autoDraw = True
8.5646 	EXP 	New trial (rep=0, index=2): OrderedDict([('Stim', 'd'), ('CorrResp', 'l'), ('imStim', 'media/ddnb.png')])
8.5867 	EXP 	feedback_circle: autoDraw = False
8.5867 	EXP 	feedback_image: autoDraw = False
8.5867 	EXP 	feedback_circle: autoDraw = False
8.5867 	EXP 	feedback_image: autoDraw = False
8.5867 	EXP 	stim_image: image = 'media/ddnb.png'
8.5867 	EXP 	circle_frame: autoDraw = True
8.5867 	EXP 	stim_image: autoDraw = True
9.3263 	DATA 	Keypress: u
9.3427 	EXP 	circle_frame: autoDraw = False
9.3427 	EXP 	stim_image: autoDraw = False
9.3427 	EXP 	feedback_circle: lineColor = '[0.1 0.5 0.3] (rgb)'
9.3427 	EXP 	feedback_image: color = '[0.1 0.5 0.3] (rgb)'
9.3427 	EXP 	feedback_image: image = 'media/ddnb.png'
9.3427 	EXP 	feedback_circle: autoDraw = True
9.3427 	EXP 	feedback_image: autoDraw = True
9.6421 	EXP 	New trial (rep=0, index=3): OrderedDict([('Stim', 'c'), ('CorrResp', 'i'), ('imStim', 'media/dcnb.png')])
9.6617 	EXP 	feedback_circle: autoDraw = False
9.6617 	EXP 	feedback_image: autoDraw = False
9.6617 	EXP 	feedback_circle: autoDraw = False
9.6617 	EXP 	feedback_image: autoDraw = False
9.6617 	EXP 	stim_image: image = 'media/dcnb.png'
9.6617 	EXP 	circle_frame: autoDraw = True
9.6617 	EXP 	stim_image: autoDraw = True
10.2335 	DATA 	Keypress: u
10.2447 	EXP 	circle_frame: autoDraw = False
10.2447 	EXP 	stim_image: autoDraw = False
10.2447 	EXP 	feedback_circle: lineColor = '[0.1 0.5 0.3] (rgb)'
10.2447 	EXP 	feedback_image: color = '[0.1 0.5 0.3] (rgb)'
10.2447 	EXP 	feedback_image: image = 'media/dcnb.png'
10.2447 	EXP 	feedback_circle: autoDraw = True
10.2447 	EXP 	feedback_image: autoDraw = True
10.5374 	EXP 	New trial (rep=0, index=4): OrderedDict([('Stim', 'e'), ('CorrResp', 'h'), ('imStim', 'media/denb.png')])
10.5597 	EXP 	feedback_circle: autoDraw = False
10.5597 	EXP 	feedback_image: autoDraw = False
10.5597 	EXP 	feedback_circle: autoDraw = False
10.5597 	EXP 	feedback_image: autoDraw = False
10.5597 	EXP 	stim_image: image = 'media/denb.png'
10.5597 	EXP 	circle_frame: autoDraw = True
10.5597 	EXP 	stim_image: autoDraw = True
11.0295 	DATA 	Keypress: u
11.0402 	EXP 	circle_frame: autoDraw = False
11.0402 	EXP 	stim_image: autoDraw = False
11.0402 	EXP 	feedback_circle: lineColor = '[0.1 0.5 0.3] (rgb)'
11.0402 	EXP 	feedback_image: color = '[0.1 0.5 0.3] (rgb)'
11.0402 	EXP 	feedback_image: image = 'media/denb.png'
11.0402 	EXP 	feedback_circle: autoDraw = True
11.0402 	EXP 	feedback_image: autoDraw = True
11.3412 	EXP 	New trial (rep=0, index=5): OrderedDict([('Stim', 'f'), ('CorrResp', 'u'), ('imStim', 'media/dfnb.png')])
11.3604 	EXP 	feedback_circle: autoDraw = False
11.3604 	EXP 	feedback_image: autoDraw = False
11.3604 	EXP 	feedback_circle: autoDraw = False
11.3604 	EXP 	feedback_image: autoDraw = False
11.3604 	EXP 	stim_image: image = 'media/dfnb.png'
11.3604 	EXP 	circle_frame: autoDraw = True
11.3604 	EXP 	stim_image: autoDraw = True
11.6895 	DATA 	Keypress: u
11.7001 	EXP 	circle_frame: autoDraw = False
11.7001 	EXP 	stim_image: autoDraw = False
11.7001 	EXP 	feedback_circle: lineColor = '[0.1 0.5 0.3] (rgb)'
11.7001 	EXP 	feedback_image: color = '[0.1 0.5 0.3] (rgb)'
11.7001 	EXP 	feedback_image: image = 'media/dfnb.png'
11.7001 	EXP 	feedback_circle: autoDraw = True
11.7001 	EXP 	feedback_image: autoDraw = True
11.9950 	EXP 	New trial (rep=0, index=6): OrderedDict([('Stim', 'b'), ('CorrResp', 'u'), ('imStim', 'media/dbnb.png')])
12.0114 	EXP 	feedback_circle: autoDraw = False
12.0114 	EXP 	feedback_image: autoDraw = False
12.0114 	EXP 	feedback_circle: autoDraw = False
12.0114 	EXP 	feedback_image: autoDraw = False
12.0114 	EXP 	stim_image: image = 'media/dbnb.png'
12.0114 	EXP 	circle_frame: autoDraw = True
12.0114 	EXP 	stim_image: autoDraw = True
12.3074 	DATA 	Keypress: u
12.3179 	EXP 	circle_frame: autoDraw = False
12.3179 	EXP 	stim_image: autoDraw = False
12.3179 	EXP 	feedback_circle: lineColor = '[0.1 0.5 0.3] (rgb)'
12.3179 	EXP 	feedback_image: color = '[0.1 0.5 0.3] (rgb)'
12.3179 	EXP 	feedback_image: image = 'media/dbnb.png'
12.3179 	EXP 	feedback_circle: autoDraw = True
12.3179 	EXP 	feedback_image: autoDraw = True
12.6159 	EXP 	New trial (rep=0, index=7): OrderedDict([('Stim', 'g'), ('CorrResp', 'i'), ('imStim', 'media/dgnb.png')])
12.6353 	EXP 	feedback_circle: autoDraw = False
12.6353 	EXP 	feedback_image: autoDraw = False
12.6353 	EXP 	feedback_circle: autoDraw = False
12.6353 	EXP 	feedback_image: autoDraw = False
12.6353 	EXP 	stim_image: image = 'media/dgnb.png'
12.6353 	EXP 	circle_frame: autoDraw = True
12.6353 	EXP 	stim_image: autoDraw = True
12.8464 	DATA 	Keypress: u
12.8616 	EXP 	circle_frame: autoDraw = False
12.8616 	EXP 	stim_image: autoDraw = False
12.8616 	EXP 	feedback_circle: lineColor = '[0.1 0.5 0.3] (rgb)'
12.8616 	EXP 	feedback_image: color = '[0.1 0.5 0.3] (rgb)'
12.8616 	EXP 	feedback_image: image = 'media/dgnb.png'
12.8616 	EXP 	feedback_circle: autoDraw = True
12.8616 	EXP 	feedback_image: autoDraw = True
13.1782 	EXP 	feedback_circle: autoDraw = False
13.1782 	EXP 	feedback_image: autoDraw = False
13.1782 	EXP 	feedback_circle: autoDraw = False
13.1782 	EXP 	feedback_image: autoDraw = False
13.2599 	EXP 	window1: mouseVisible = True
