1.5674 	WARNING 	We strongly recommend you activate the PTB sound engine in PsychoPy prefs as the preferred audio engine. Its timing is vastly superior. Your prefs are currently set to use ['sounddevice', 'PTB', 'pyo', 'pygame'] (in that order).
5.5073 	WARNING 	User requested fullscreen with size [1280  720], but screen is actually [3840, 2160]. Using actual size
10.0131 	EXP 	Created window1 = Window(allowGUI=False, allowStencil=False, args=UNKNOWN, autoLog=True, bitsMode=UNKNOWN, blendMode='avg', bpc=(8, 8, 8), color=array([-1., -1., -1.]), colorSpace='rgb', depthBits=8, fullscr=<method-wrapper '__getattribute__' of attributeSetter object at 0x000001A0BCB9FF98>, gamma=None, gammaErrorPolicy='raise', kwargs=UNKNOWN, lms=UNKNOWN, monitor=<psychopy.monitors.calibTools.Monitor object at 0x000001A0BCD28B70>, multiSample=False, name='window1', numSamples=2, pos=[0.0, 0.0], screen=1, size=array([3840, 2160]), stencilBits=0, stereo=False, units='height', useFBO=True, useRetina=False, viewOri=0.0, viewPos=None, viewScale=None, waitBlanking=True, winType='pyglet')
10.0132 	EXP 	window1: recordFrameIntervals = False
10.1791 	EXP 	window1: recordFrameIntervals = True
10.3625 	EXP 	window1: recordFrameIntervals = False
10.8627 	EXP 	Created Instr_CR_text = TextStim(__class__=<class 'psychopy.visual.text.TextStim'>, alignHoriz=method-wrapper(...), alignText='center', alignVert=method-wrapper(...), anchorHoriz='center', anchorVert='center', antialias=True, autoLog=True, bold=False, color='white', colorSpace='named', contrast=1.0, depth=0.0, flipHoriz=False, flipVert=False, font='Arial', fontFiles=[], height=0.05, italic=False, languageStyle='LTR', name='Instr_CR_text', opacity=1.0, ori=0, pos=array([0., 0.]), rgb=array([255., 255., 255.]), text=str(...), units='height', win=Window(...), wrapWidth=1)
10.8744 	EXP 	Created circle_frame = Polygon(__class__=<class 'psychopy.visual.polygon.Polygon'>, autoDraw=False, autoLog=True, closeShape=True, color=method-wrapper(...), colorSpace=None, contrast=1.0, depth=0.0, fillColor=array([-1., -1., -1.]), fillColorSpace='rgb', fillRGB=array([-1., -1., -1.]), interpolate=True, lineColor=array([1., 1., 1.]), lineColorSpace='rgb', lineRGB=array([1., 1., 1.]), lineWidth=10, name='circle_frame', opacity=1.0, ori=array(0.), pos=array([0., 0.]), size=array([0.3, 0.3]), units='height', vertices=ndarray(...), win=Window(...))
10.8769 	EXP 	Created stim_image = ImageStim(__class__=<class 'psychopy.visual.image.ImageStim'>, autoLog=True, color=array([1., 1., 1.]), colorSpace='rgb', contrast=1.0, depth=-1.0, flipHoriz=False, flipVert=False, image='sin', interpolate=False, mask=None, maskParams=None, name='stim_image', opacity=1.0, ori=0.0, pos=array([0., 0.]), size=array([0.25, 0.25]), texRes=128, units='height', win=Window(...))
10.8867 	EXP 	Created feedback_circle = Polygon(__class__=<class 'psychopy.visual.polygon.Polygon'>, autoDraw=False, autoLog=True, closeShape=True, color=method-wrapper(...), colorSpace=None, contrast=1.0, depth=0.0, fillColor=array([-1., -1., -1.]), fillColorSpace='rgb', fillRGB=array([-1., -1., -1.]), interpolate=True, lineColor=array([1., 1., 1.]), lineColorSpace='rgb', lineRGB=array([1., 1., 1.]), lineWidth=10, name='feedback_circle', opacity=1.0, ori=array(0.), pos=array([0., 0.]), size=array([0.3, 0.3]), units='height', vertices=ndarray(...), win=Window(...))
10.8886 	EXP 	Created feedback_image = ImageStim(__class__=<class 'psychopy.visual.image.ImageStim'>, autoLog=True, color='white', colorSpace='named', contrast=1.0, depth=-1.0, flipHoriz=False, flipVert=False, image='sin', interpolate=False, mask=None, maskParams=None, name='feedback_image', opacity=1.0, ori=0.0, pos=array([0., 0.]), size=array([0.25, 0.25]), texRes=128, units='height', win=Window(...))
10.9272 	EXP 	Instr_CR_text: autoDraw = True
12.3858 	EXP 	Imported conditions.xlsx as conditions, 8 conditions, 3 params
12.3861 	EXP 	Created sequence: random, trialTypes=8, nReps=1, seed=None
12.3864 	EXP 	New trial (rep=0, index=0): OrderedDict([('Stim', 'g'), ('CorrResp', 'i'), ('imStim', 'media/dgnb.png')])
12.3944 	DATA 	Keypress: h
12.4027 	EXP 	Instr_CR_text: autoDraw = False
12.4027 	EXP 	stim_image: image = 'media/dgnb.png'
12.4027 	EXP 	circle_frame: autoDraw = True
12.4027 	EXP 	stim_image: autoDraw = True
13.0076 	DATA 	Keypress: l
13.0155 	EXP 	circle_frame: autoDraw = False
13.0155 	EXP 	stim_image: autoDraw = False
13.0155 	EXP 	feedback_circle: lineColor = '[1. 1. 1.] (rgb)'
13.0155 	EXP 	feedback_image: color = '[0.1 0.5 0.3] (rgb)'
13.0155 	EXP 	feedback_image: image = 'media/dgnb.png'
13.0155 	EXP 	feedback_circle: autoDraw = True
13.0155 	EXP 	feedback_image: autoDraw = True
13.3152 	EXP 	New trial (rep=0, index=1): OrderedDict([('Stim', 'e'), ('CorrResp', 'h'), ('imStim', 'media/denb.png')])
13.3320 	EXP 	feedback_circle: autoDraw = False
13.3320 	EXP 	feedback_image: autoDraw = False
13.3320 	EXP 	feedback_circle: autoDraw = False
13.3320 	EXP 	feedback_image: autoDraw = False
13.3320 	EXP 	stim_image: image = 'media/denb.png'
13.3320 	EXP 	circle_frame: autoDraw = True
13.3320 	EXP 	stim_image: autoDraw = True
13.7182 	DATA 	Keypress: i
13.7501 	EXP 	circle_frame: autoDraw = False
13.7501 	EXP 	stim_image: autoDraw = False
13.7501 	EXP 	feedback_circle: lineColor = '[1. 1. 1.] (rgb)'
13.7501 	EXP 	feedback_image: color = '[0.1 0.5 0.3] (rgb)'
13.7501 	EXP 	feedback_image: image = 'media/denb.png'
13.7501 	EXP 	feedback_circle: autoDraw = True
13.7501 	EXP 	feedback_image: autoDraw = True
14.0531 	EXP 	New trial (rep=0, index=2): OrderedDict([('Stim', 'd'), ('CorrResp', 'l'), ('imStim', 'media/ddnb.png')])
14.0756 	EXP 	feedback_circle: autoDraw = False
14.0756 	EXP 	feedback_image: autoDraw = False
14.0756 	EXP 	feedback_circle: autoDraw = False
14.0756 	EXP 	feedback_image: autoDraw = False
14.0756 	EXP 	stim_image: image = 'media/ddnb.png'
14.0756 	EXP 	circle_frame: autoDraw = True
14.0756 	EXP 	stim_image: autoDraw = True
14.3329 	DATA 	Keypress: h
15.4791 	DATA 	Keypress: h
15.4861 	EXP 	circle_frame: autoDraw = False
15.4861 	EXP 	stim_image: autoDraw = False
15.4861 	EXP 	feedback_circle: lineColor = '[1. 1. 1.] (rgb)'
15.4861 	EXP 	feedback_image: color = '[ 1. -1. -1.] (rgb)'
15.4861 	EXP 	feedback_image: image = 'media/ddnb.png'
15.4861 	EXP 	feedback_circle: autoDraw = True
15.4861 	EXP 	feedback_image: autoDraw = True
16.4825 	EXP 	New trial (rep=0, index=3): OrderedDict([('Stim', 'c'), ('CorrResp', 'i'), ('imStim', 'media/dcnb.png')])
16.4997 	EXP 	feedback_circle: autoDraw = False
16.4997 	EXP 	feedback_image: autoDraw = False
16.4997 	EXP 	feedback_circle: autoDraw = False
16.4997 	EXP 	feedback_image: autoDraw = False
16.4997 	EXP 	stim_image: image = 'media/dcnb.png'
16.4997 	EXP 	circle_frame: autoDraw = True
16.4997 	EXP 	stim_image: autoDraw = True
16.9935 	DATA 	Keypress: u
17.0013 	EXP 	circle_frame: autoDraw = False
17.0013 	EXP 	stim_image: autoDraw = False
17.0013 	EXP 	feedback_circle: lineColor = '[1. 1. 1.] (rgb)'
17.0013 	EXP 	feedback_image: color = '[0.1 0.5 0.3] (rgb)'
17.0013 	EXP 	feedback_image: image = 'media/dcnb.png'
17.0013 	EXP 	feedback_circle: autoDraw = True
17.0013 	EXP 	feedback_image: autoDraw = True
17.2993 	EXP 	New trial (rep=0, index=4): OrderedDict([('Stim', 'f'), ('CorrResp', 'u'), ('imStim', 'media/dfnb.png')])
17.3174 	EXP 	feedback_circle: autoDraw = False
17.3174 	EXP 	feedback_image: autoDraw = False
17.3174 	EXP 	feedback_circle: autoDraw = False
17.3174 	EXP 	feedback_image: autoDraw = False
17.3174 	EXP 	stim_image: image = 'media/dfnb.png'
17.3174 	EXP 	circle_frame: autoDraw = True
17.3174 	EXP 	stim_image: autoDraw = True
17.7448 	DATA 	Keypress: i
17.7534 	EXP 	circle_frame: autoDraw = False
17.7534 	EXP 	stim_image: autoDraw = False
17.7534 	EXP 	feedback_circle: lineColor = '[1. 1. 1.] (rgb)'
17.7534 	EXP 	feedback_image: color = '[0.1 0.5 0.3] (rgb)'
17.7534 	EXP 	feedback_image: image = 'media/dfnb.png'
17.7534 	EXP 	feedback_circle: autoDraw = True
17.7534 	EXP 	feedback_image: autoDraw = True
18.0410 	EXP 	New trial (rep=0, index=5): OrderedDict([('Stim', 'a'), ('CorrResp', 'h'), ('imStim', 'media/danb.png')])
18.0682 	EXP 	feedback_circle: autoDraw = False
18.0682 	EXP 	feedback_image: autoDraw = False
18.0682 	EXP 	feedback_circle: autoDraw = False
18.0682 	EXP 	feedback_image: autoDraw = False
18.0682 	EXP 	stim_image: image = 'media/danb.png'
18.0682 	EXP 	circle_frame: autoDraw = True
18.0682 	EXP 	stim_image: autoDraw = True
18.4060 	DATA 	Keypress: l
18.4155 	EXP 	circle_frame: autoDraw = False
18.4155 	EXP 	stim_image: autoDraw = False
18.4155 	EXP 	feedback_circle: lineColor = '[1. 1. 1.] (rgb)'
18.4155 	EXP 	feedback_image: color = '[0.1 0.5 0.3] (rgb)'
18.4155 	EXP 	feedback_image: image = 'media/danb.png'
18.4155 	EXP 	feedback_circle: autoDraw = True
18.4155 	EXP 	feedback_image: autoDraw = True
18.7031 	EXP 	New trial (rep=0, index=6): OrderedDict([('Stim', 'h'), ('CorrResp', 'l'), ('imStim', 'media/dhnb.png')])
18.7240 	EXP 	feedback_circle: autoDraw = False
18.7240 	EXP 	feedback_image: autoDraw = False
18.7240 	EXP 	feedback_circle: autoDraw = False
18.7240 	EXP 	feedback_image: autoDraw = False
18.7240 	EXP 	stim_image: image = 'media/dhnb.png'
18.7240 	EXP 	circle_frame: autoDraw = True
18.7240 	EXP 	stim_image: autoDraw = True
19.1002 	DATA 	Keypress: h
19.1151 	EXP 	circle_frame: autoDraw = False
19.1151 	EXP 	stim_image: autoDraw = False
19.1151 	EXP 	feedback_circle: lineColor = '[1. 1. 1.] (rgb)'
19.1151 	EXP 	feedback_image: color = '[ 1. -1. -1.] (rgb)'
19.1151 	EXP 	feedback_image: image = 'media/dhnb.png'
19.1151 	EXP 	feedback_circle: autoDraw = True
19.1151 	EXP 	feedback_image: autoDraw = True
20.1029 	EXP 	New trial (rep=0, index=7): OrderedDict([('Stim', 'b'), ('CorrResp', 'u'), ('imStim', 'media/dbnb.png')])
20.1193 	EXP 	feedback_circle: autoDraw = False
20.1193 	EXP 	feedback_image: autoDraw = False
20.1193 	EXP 	feedback_circle: autoDraw = False
20.1193 	EXP 	feedback_image: autoDraw = False
20.1193 	EXP 	stim_image: image = 'media/dbnb.png'
20.1193 	EXP 	circle_frame: autoDraw = True
20.1193 	EXP 	stim_image: autoDraw = True
20.4862 	DATA 	Keypress: u
20.5012 	EXP 	circle_frame: autoDraw = False
20.5012 	EXP 	stim_image: autoDraw = False
20.5012 	EXP 	feedback_circle: lineColor = '[1. 1. 1.] (rgb)'
20.5012 	EXP 	feedback_image: color = '[0.1 0.5 0.3] (rgb)'
20.5012 	EXP 	feedback_image: image = 'media/dbnb.png'
20.5012 	EXP 	feedback_circle: autoDraw = True
20.5012 	EXP 	feedback_image: autoDraw = True
20.8143 	EXP 	feedback_circle: autoDraw = False
20.8143 	EXP 	feedback_image: autoDraw = False
20.8143 	EXP 	feedback_circle: autoDraw = False
20.8143 	EXP 	feedback_image: autoDraw = False
20.9149 	EXP 	window1: mouseVisible = True
