1.5307 	WARNING 	We strongly recommend you activate the PTB sound engine in PsychoPy prefs as the preferred audio engine. Its timing is vastly superior. Your prefs are currently set to use ['sounddevice', 'PTB', 'pyo', 'pygame'] (in that order).
3.9076 	WARNING 	User requested fullscreen with size [1280  720], but screen is actually [3840, 2160]. Using actual size
5.6583 	EXP 	Created window1 = Window(allowGUI=False, allowStencil=False, args=UNKNOWN, autoLog=True, bitsMode=UNKNOWN, blendMode='avg', bpc=(8, 8, 8), color=array([-1., -1., -1.]), colorSpace='rgb', depthBits=8, fullscr=<method-wrapper '__getattribute__' of attributeSetter object at 0x000001BC4E216C50>, gamma=None, gammaErrorPolicy='raise', kwargs=UNKNOWN, lms=UNKNOWN, monitor=<psychopy.monitors.calibTools.Monitor object at 0x000001BC4DFB5828>, multiSample=False, name='window1', numSamples=2, pos=[0.0, 0.0], screen=1, size=array([3840, 2160]), stencilBits=0, stereo=False, units='height', useFBO=True, useRetina=False, viewOri=0.0, viewPos=None, viewScale=None, waitBlanking=True, winType='pyglet')
5.6583 	EXP 	window1: recordFrameIntervals = False
5.8239 	EXP 	window1: recordFrameIntervals = True
6.0076 	EXP 	window1: recordFrameIntervals = False
6.2971 	EXP 	Created Instr_CR_text = TextStim(__class__=<class 'psychopy.visual.text.TextStim'>, alignHoriz=method-wrapper(...), alignText='center', alignVert=method-wrapper(...), anchorHoriz='center', anchorVert='center', antialias=True, autoLog=True, bold=False, color='white', colorSpace='named', contrast=1.0, depth=0.0, flipHoriz=False, flipVert=False, font='Arial', fontFiles=[], height=0.05, italic=False, languageStyle='LTR', name='Instr_CR_text', opacity=1.0, ori=0, pos=array([0., 0.]), rgb=array([255., 255., 255.]), text=str(...), units='height', win=Window(...), wrapWidth=1)
6.3095 	EXP 	Created circle_frame = Polygon(__class__=<class 'psychopy.visual.polygon.Polygon'>, autoDraw=False, autoLog=True, closeShape=True, color=method-wrapper(...), colorSpace=None, contrast=1.0, depth=0.0, fillColor=array([-1., -1., -1.]), fillColorSpace='rgb', fillRGB=array([-1., -1., -1.]), interpolate=True, lineColor=array([1., 1., 1.]), lineColorSpace='rgb', lineRGB=array([1., 1., 1.]), lineWidth=5, name='circle_frame', opacity=1.0, ori=array(0.), pos=array([0., 0.]), size=array([0.25, 0.25]), units='height', vertices=ndarray(...), win=Window(...))
6.3119 	EXP 	Created stim_image = ImageStim(__class__=<class 'psychopy.visual.image.ImageStim'>, autoLog=True, color=array([1., 1., 1.]), colorSpace='rgb', contrast=1.0, depth=-1.0, flipHoriz=False, flipVert=False, image='sin', interpolate=False, mask=None, maskParams=None, name='stim_image', opacity=1.0, ori=0.0, pos=array([0., 0.]), size=array([0.2, 0.2]), texRes=128, units='height', win=Window(...))
6.3218 	EXP 	Created feedback_circle = Polygon(__class__=<class 'psychopy.visual.polygon.Polygon'>, autoDraw=False, autoLog=True, closeShape=True, color=method-wrapper(...), colorSpace=None, contrast=1.0, depth=0.0, fillColor=array([-1., -1., -1.]), fillColorSpace='rgb', fillRGB=array([-1., -1., -1.]), interpolate=True, lineColor=array([1., 1., 1.]), lineColorSpace='rgb', lineRGB=array([1., 1., 1.]), lineWidth=5, name='feedback_circle', opacity=1.0, ori=array(0.), pos=array([0., 0.]), size=array([0.25, 0.25]), units='height', vertices=ndarray(...), win=Window(...))
6.3237 	EXP 	Created feedback_image = ImageStim(__class__=<class 'psychopy.visual.image.ImageStim'>, autoLog=True, color='white', colorSpace='named', contrast=1.0, depth=-1.0, flipHoriz=False, flipVert=False, image='sin', interpolate=False, mask=None, maskParams=None, name='feedback_image', opacity=1.0, ori=0.0, pos=array([0., 0.]), size=array([0.2, 0.2]), texRes=128, units='height', win=Window(...))
6.3635 	EXP 	Instr_CR_text: autoDraw = True
6.8333 	DATA 	Keypress: h
6.8996 	EXP 	Imported conditions.xlsx as conditions, 8 conditions, 3 params
6.8999 	EXP 	Created sequence: random, trialTypes=8, nReps=1, seed=None
6.9002 	EXP 	New trial (rep=0, index=0): OrderedDict([('Stim', 'g'), ('CorrResp', 'i'), ('imStim', 'media/dgnb.png')])
6.9148 	EXP 	Instr_CR_text: autoDraw = False
6.9148 	EXP 	stim_image: image = 'media/dgnb.png'
6.9148 	EXP 	circle_frame: autoDraw = True
6.9148 	EXP 	stim_image: autoDraw = True
7.6251 	EXP 	window1: mouseVisible = True
1.5060 	WARNING 	We strongly recommend you activate the PTB sound engine in PsychoPy prefs as the preferred audio engine. Its timing is vastly superior. Your prefs are currently set to use ['sounddevice', 'PTB', 'pyo', 'pygame'] (in that order).
3.5461 	WARNING 	User requested fullscreen with size [1280  720], but screen is actually [3840, 2160]. Using actual size
5.3117 	EXP 	Created window1 = Window(allowGUI=False, allowStencil=False, args=UNKNOWN, autoLog=True, bitsMode=UNKNOWN, blendMode='avg', bpc=(8, 8, 8), color=array([-1., -1., -1.]), colorSpace='rgb', depthBits=8, fullscr=<method-wrapper '__getattribute__' of attributeSetter object at 0x000001A77FA66C50>, gamma=None, gammaErrorPolicy='raise', kwargs=UNKNOWN, lms=UNKNOWN, monitor=<psychopy.monitors.calibTools.Monitor object at 0x000001A77F805828>, multiSample=False, name='window1', numSamples=2, pos=[0.0, 0.0], screen=1, size=array([3840, 2160]), stencilBits=0, stereo=False, units='height', useFBO=True, useRetina=False, viewOri=0.0, viewPos=None, viewScale=None, waitBlanking=True, winType='pyglet')
5.3119 	EXP 	window1: recordFrameIntervals = False
5.4751 	EXP 	window1: recordFrameIntervals = True
5.6588 	EXP 	window1: recordFrameIntervals = False
5.9369 	EXP 	Created Instr_CR_text = TextStim(__class__=<class 'psychopy.visual.text.TextStim'>, alignHoriz=method-wrapper(...), alignText='center', alignVert=method-wrapper(...), anchorHoriz='center', anchorVert='center', antialias=True, autoLog=True, bold=False, color='white', colorSpace='named', contrast=1.0, depth=0.0, flipHoriz=False, flipVert=False, font='Arial', fontFiles=[], height=0.05, italic=False, languageStyle='LTR', name='Instr_CR_text', opacity=1.0, ori=0, pos=array([0., 0.]), rgb=array([255., 255., 255.]), text=str(...), units='height', win=Window(...), wrapWidth=1)
5.9481 	EXP 	Created circle_frame = Polygon(__class__=<class 'psychopy.visual.polygon.Polygon'>, autoDraw=False, autoLog=True, closeShape=True, color=method-wrapper(...), colorSpace=None, contrast=1.0, depth=0.0, fillColor=array([-1., -1., -1.]), fillColorSpace='rgb', fillRGB=array([-1., -1., -1.]), interpolate=True, lineColor=array([1., 1., 1.]), lineColorSpace='rgb', lineRGB=array([1., 1., 1.]), lineWidth=5, name='circle_frame', opacity=1.0, ori=array(0.), pos=array([0., 0.]), size=array([0.25, 0.25]), units='height', vertices=ndarray(...), win=Window(...))
5.9503 	EXP 	Created stim_image = ImageStim(__class__=<class 'psychopy.visual.image.ImageStim'>, autoLog=True, color=array([1., 1., 1.]), colorSpace='rgb', contrast=1.0, depth=-1.0, flipHoriz=False, flipVert=False, image='sin', interpolate=False, mask=None, maskParams=None, name='stim_image', opacity=1.0, ori=0.0, pos=array([0., 0.]), size=array([0.2, 0.2]), texRes=128, units='height', win=Window(...))
5.9600 	EXP 	Created feedback_circle = Polygon(__class__=<class 'psychopy.visual.polygon.Polygon'>, autoDraw=False, autoLog=True, closeShape=True, color=method-wrapper(...), colorSpace=None, contrast=1.0, depth=0.0, fillColor=array([-1., -1., -1.]), fillColorSpace='rgb', fillRGB=array([-1., -1., -1.]), interpolate=True, lineColor=array([1., 1., 1.]), lineColorSpace='rgb', lineRGB=array([1., 1., 1.]), lineWidth=5, name='feedback_circle', opacity=1.0, ori=array(0.), pos=array([0., 0.]), size=array([0.25, 0.25]), units='height', vertices=ndarray(...), win=Window(...))
5.9613 	EXP 	Created feedback_image = ImageStim(__class__=<class 'psychopy.visual.image.ImageStim'>, autoLog=True, color='white', colorSpace='named', contrast=1.0, depth=-1.0, flipHoriz=False, flipVert=False, image='sin', interpolate=False, mask=None, maskParams=None, name='feedback_image', opacity=1.0, ori=0.0, pos=array([0., 0.]), size=array([0.2, 0.2]), texRes=128, units='height', win=Window(...))
5.9982 	EXP 	Instr_CR_text: autoDraw = True
6.5022 	EXP 	Imported conditions.xlsx as conditions, 8 conditions, 3 params
6.5025 	EXP 	Created sequence: random, trialTypes=8, nReps=1, seed=None
6.5028 	EXP 	New trial (rep=0, index=0): OrderedDict([('Stim', 'h'), ('CorrResp', 'l'), ('imStim', 'media/dhnb.png')])
6.5084 	DATA 	Keypress: h
6.5176 	EXP 	Instr_CR_text: autoDraw = False
6.5176 	EXP 	stim_image: image = 'media/dhnb.png'
6.5176 	EXP 	circle_frame: autoDraw = True
6.5176 	EXP 	stim_image: autoDraw = True
7.0703 	DATA 	Keypress: h
7.0801 	EXP 	circle_frame: autoDraw = False
7.0801 	EXP 	stim_image: autoDraw = False
7.0801 	EXP 	feedback_circle: lineColor = '[0.1 0.5 0.3] (rgb)'
7.0801 	EXP 	feedback_image: color = '[0.1 0.5 0.3] (rgb)'
7.0801 	EXP 	feedback_image: image = 'media/dhnb.png'
7.0801 	EXP 	feedback_circle: autoDraw = True
7.0801 	EXP 	feedback_image: autoDraw = True
7.3800 	EXP 	New trial (rep=0, index=1): OrderedDict([('Stim', 'a'), ('CorrResp', 'h'), ('imStim', 'media/danb.png')])
7.4032 	EXP 	feedback_circle: autoDraw = False
7.4032 	EXP 	feedback_image: autoDraw = False
7.4032 	EXP 	feedback_circle: autoDraw = False
7.4032 	EXP 	feedback_image: autoDraw = False
7.4032 	EXP 	stim_image: image = 'media/danb.png'
7.4032 	EXP 	circle_frame: autoDraw = True
7.4032 	EXP 	stim_image: autoDraw = True
8.2977 	DATA 	Keypress: l
8.3130 	EXP 	circle_frame: autoDraw = False
8.3130 	EXP 	stim_image: autoDraw = False
8.3130 	EXP 	feedback_circle: lineColor = '[0.1 0.5 0.3] (rgb)'
8.3130 	EXP 	feedback_image: color = '[0.1 0.5 0.3] (rgb)'
8.3130 	EXP 	feedback_image: image = 'media/danb.png'
8.3130 	EXP 	feedback_circle: autoDraw = True
8.3130 	EXP 	feedback_image: autoDraw = True
8.6130 	EXP 	New trial (rep=0, index=2): OrderedDict([('Stim', 'c'), ('CorrResp', 'i'), ('imStim', 'media/dcnb.png')])
8.6312 	EXP 	feedback_circle: autoDraw = False
8.6312 	EXP 	feedback_image: autoDraw = False
8.6312 	EXP 	feedback_circle: autoDraw = False
8.6312 	EXP 	feedback_image: autoDraw = False
8.6312 	EXP 	stim_image: image = 'media/dcnb.png'
8.6312 	EXP 	circle_frame: autoDraw = True
8.6312 	EXP 	stim_image: autoDraw = True
10.0294 	DATA 	Keypress: u
10.0392 	EXP 	circle_frame: autoDraw = False
10.0392 	EXP 	stim_image: autoDraw = False
10.0392 	EXP 	feedback_circle: lineColor = '[0.1 0.5 0.3] (rgb)'
10.0392 	EXP 	feedback_image: color = '[0.1 0.5 0.3] (rgb)'
10.0392 	EXP 	feedback_image: image = 'media/dcnb.png'
10.0392 	EXP 	feedback_circle: autoDraw = True
10.0392 	EXP 	feedback_image: autoDraw = True
10.3381 	EXP 	New trial (rep=0, index=3): OrderedDict([('Stim', 'f'), ('CorrResp', 'u'), ('imStim', 'media/dfnb.png')])
10.3570 	EXP 	feedback_circle: autoDraw = False
10.3570 	EXP 	feedback_image: autoDraw = False
10.3570 	EXP 	feedback_circle: autoDraw = False
10.3570 	EXP 	feedback_image: autoDraw = False
10.3570 	EXP 	stim_image: image = 'media/dfnb.png'
10.3570 	EXP 	circle_frame: autoDraw = True
10.3570 	EXP 	stim_image: autoDraw = True
10.8362 	DATA 	Keypress: h
10.8486 	EXP 	circle_frame: autoDraw = False
10.8486 	EXP 	stim_image: autoDraw = False
10.8486 	EXP 	feedback_circle: lineColor = '[0.1 0.5 0.3] (rgb)'
10.8486 	EXP 	feedback_image: color = '[0.1 0.5 0.3] (rgb)'
10.8486 	EXP 	feedback_image: image = 'media/dfnb.png'
10.8486 	EXP 	feedback_circle: autoDraw = True
10.8486 	EXP 	feedback_image: autoDraw = True
11.1352 	EXP 	New trial (rep=0, index=4): OrderedDict([('Stim', 'e'), ('CorrResp', 'h'), ('imStim', 'media/denb.png')])
11.1495 	EXP 	feedback_circle: autoDraw = False
11.1495 	EXP 	feedback_image: autoDraw = False
11.1495 	EXP 	feedback_circle: autoDraw = False
11.1495 	EXP 	feedback_image: autoDraw = False
11.1495 	EXP 	stim_image: image = 'media/denb.png'
11.1495 	EXP 	circle_frame: autoDraw = True
11.1495 	EXP 	stim_image: autoDraw = True
11.4849 	DATA 	Keypress: h
11.4980 	EXP 	circle_frame: autoDraw = False
11.4980 	EXP 	stim_image: autoDraw = False
11.4980 	EXP 	feedback_circle: lineColor = '[0.1 0.5 0.3] (rgb)'
11.4980 	EXP 	feedback_image: color = '[0.1 0.5 0.3] (rgb)'
11.4980 	EXP 	feedback_image: image = 'media/denb.png'
11.4980 	EXP 	feedback_circle: autoDraw = True
11.4980 	EXP 	feedback_image: autoDraw = True
11.7838 	EXP 	New trial (rep=0, index=5): OrderedDict([('Stim', 'b'), ('CorrResp', 'u'), ('imStim', 'media/dbnb.png')])
11.7983 	EXP 	feedback_circle: autoDraw = False
11.7983 	EXP 	feedback_image: autoDraw = False
11.7983 	EXP 	feedback_circle: autoDraw = False
11.7983 	EXP 	feedback_image: autoDraw = False
11.7983 	EXP 	stim_image: image = 'media/dbnb.png'
11.7983 	EXP 	circle_frame: autoDraw = True
11.7983 	EXP 	stim_image: autoDraw = True
12.1342 	DATA 	Keypress: i
12.1762 	EXP 	circle_frame: autoDraw = False
12.1762 	EXP 	stim_image: autoDraw = False
12.1762 	EXP 	feedback_circle: lineColor = '[0.1 0.5 0.3] (rgb)'
12.1762 	EXP 	feedback_image: color = '[0.1 0.5 0.3] (rgb)'
12.1762 	EXP 	feedback_image: image = 'media/dbnb.png'
12.1762 	EXP 	feedback_circle: autoDraw = True
12.1762 	EXP 	feedback_image: autoDraw = True
12.4614 	EXP 	New trial (rep=0, index=6): OrderedDict([('Stim', 'g'), ('CorrResp', 'i'), ('imStim', 'media/dgnb.png')])
12.4806 	EXP 	feedback_circle: autoDraw = False
12.4806 	EXP 	feedback_image: autoDraw = False
12.4806 	EXP 	feedback_circle: autoDraw = False
12.4806 	EXP 	feedback_image: autoDraw = False
12.4806 	EXP 	stim_image: image = 'media/dgnb.png'
12.4806 	EXP 	circle_frame: autoDraw = True
12.4806 	EXP 	stim_image: autoDraw = True
12.7652 	DATA 	Keypress: l
12.7751 	EXP 	circle_frame: autoDraw = False
12.7751 	EXP 	stim_image: autoDraw = False
12.7751 	EXP 	feedback_circle: lineColor = '[0.1 0.5 0.3] (rgb)'
12.7751 	EXP 	feedback_image: color = '[0.1 0.5 0.3] (rgb)'
12.7751 	EXP 	feedback_image: image = 'media/dgnb.png'
12.7751 	EXP 	feedback_circle: autoDraw = True
12.7751 	EXP 	feedback_image: autoDraw = True
13.0782 	EXP 	New trial (rep=0, index=7): OrderedDict([('Stim', 'd'), ('CorrResp', 'l'), ('imStim', 'media/ddnb.png')])
13.0961 	EXP 	feedback_circle: autoDraw = False
13.0961 	EXP 	feedback_image: autoDraw = False
13.0961 	EXP 	feedback_circle: autoDraw = False
13.0961 	EXP 	feedback_image: autoDraw = False
13.0961 	EXP 	stim_image: image = 'media/ddnb.png'
13.0961 	EXP 	circle_frame: autoDraw = True
13.0961 	EXP 	stim_image: autoDraw = True
13.3499 	DATA 	Keypress: h
13.3650 	EXP 	circle_frame: autoDraw = False
13.3650 	EXP 	stim_image: autoDraw = False
13.3650 	EXP 	feedback_circle: lineColor = '[0.1 0.5 0.3] (rgb)'
13.3650 	EXP 	feedback_image: color = '[0.1 0.5 0.3] (rgb)'
13.3650 	EXP 	feedback_image: image = 'media/ddnb.png'
13.3650 	EXP 	feedback_circle: autoDraw = True
13.3650 	EXP 	feedback_image: autoDraw = True
13.6808 	EXP 	feedback_circle: autoDraw = False
13.6808 	EXP 	feedback_image: autoDraw = False
13.6808 	EXP 	feedback_circle: autoDraw = False
13.6808 	EXP 	feedback_image: autoDraw = False
13.7548 	EXP 	window1: mouseVisible = True
