1.5186 	WARNING 	We strongly recommend you activate the PTB sound engine in PsychoPy prefs as the preferred audio engine. Its timing is vastly superior. Your prefs are currently set to use ['sounddevice', 'PTB', 'pyo', 'pygame'] (in that order).
4.1661 	WARNING 	User requested fullscreen with size [1280  720], but screen is actually [3840, 2160]. Using actual size
6.9386 	EXP 	Created window1 = Window(allowGUI=False, allowStencil=False, args=UNKNOWN, autoLog=True, bitsMode=UNKNOWN, blendMode='avg', bpc=(8, 8, 8), color=array([-1., -1., -1.]), colorSpace='rgb', depthBits=8, fullscr=<method-wrapper '__getattribute__' of attributeSetter object at 0x00000273BD4A3908>, gamma=None, gammaErrorPolicy='raise', kwargs=UNKNOWN, lms=UNKNOWN, monitor=<psychopy.monitors.calibTools.Monitor object at 0x00000273BD0804E0>, multiSample=False, name='window1', numSamples=2, pos=[0.0, 0.0], screen=1, size=array([3840, 2160]), stencilBits=0, stereo=False, units='height', useFBO=True, useRetina=False, viewOri=0.0, viewPos=None, viewScale=None, waitBlanking=True, winType='pyglet')
6.9387 	EXP 	window1: recordFrameIntervals = False
7.1056 	EXP 	window1: recordFrameIntervals = True
7.2885 	EXP 	window1: recordFrameIntervals = False
7.5850 	EXP 	Created Instr_CR_text = TextStim(__class__=<class 'psychopy.visual.text.TextStim'>, alignHoriz=method-wrapper(...), alignText='center', alignVert=method-wrapper(...), anchorHoriz='center', anchorVert='center', antialias=True, autoLog=True, bold=False, color='white', colorSpace='named', contrast=1.0, depth=0.0, flipHoriz=False, flipVert=False, font='Arial', fontFiles=[], height=0.05, italic=False, languageStyle='LTR', name='Instr_CR_text', opacity=1.0, ori=0, pos=array([0., 0.]), rgb=array([255., 255., 255.]), text=str(...), units='height', win=Window(...), wrapWidth=1)
7.5962 	EXP 	Created circle_frame = Polygon(__class__=<class 'psychopy.visual.polygon.Polygon'>, autoDraw=False, autoLog=True, closeShape=True, color=method-wrapper(...), colorSpace=None, contrast=1.0, depth=0.0, fillColor=array([-1., -1., -1.]), fillColorSpace='rgb', fillRGB=array([-1., -1., -1.]), interpolate=True, lineColor=array([1., 1., 1.]), lineColorSpace='rgb', lineRGB=array([1., 1., 1.]), lineWidth=1, name='circle_frame', opacity=1.0, ori=array(0.), pos=array([0., 0.]), size=array([0.25, 0.25]), units='height', vertices=ndarray(...), win=Window(...))
7.6053 	EXP 	Created stim_image = ImageStim(__class__=<class 'psychopy.visual.image.ImageStim'>, autoLog=True, color=array([1., 1., 1.]), colorSpace='rgb', contrast=1.0, depth=-1.0, flipHoriz=False, flipVert=False, image='sin', interpolate=False, mask=None, maskParams=None, name='stim_image', opacity=1.0, ori=0.0, pos=array([0., 0.]), size=array([0.2, 0.2]), texRes=128, units='height', win=Window(...))
7.6426 	EXP 	Instr_CR_text: autoDraw = True
11.0041 	DATA 	Keypress: h
11.0686 	EXP 	Imported conditions.xlsx as conditions, 8 conditions, 3 params
11.0691 	EXP 	Created sequence: random, trialTypes=8, nReps=10, seed=None
11.0694 	EXP 	New trial (rep=0, index=0): OrderedDict([('Stim', 'b'), ('CorrResp', 'u'), ('imStim', 'media/dbnb.png')])
11.0918 	EXP 	Instr_CR_text: autoDraw = False
11.0918 	EXP 	stim_image: image = 'media/dbnb.png'
11.0918 	EXP 	circle_frame: autoDraw = True
11.0918 	EXP 	stim_image: autoDraw = True
14.9039 	EXP 	New trial (rep=0, index=1): OrderedDict([('Stim', 'd'), ('CorrResp', 'l'), ('imStim', 'media/ddnb.png')])
14.9132 	DATA 	Keypress: h
14.9246 	EXP 	circle_frame: autoDraw = False
14.9246 	EXP 	stim_image: autoDraw = False
14.9246 	EXP 	stim_image: image = 'media/ddnb.png'
14.9246 	EXP 	circle_frame: autoDraw = True
14.9246 	EXP 	stim_image: autoDraw = True
20.1515 	EXP 	New trial (rep=0, index=2): OrderedDict([('Stim', 'a'), ('CorrResp', 'h'), ('imStim', 'media/danb.png')])
20.1600 	DATA 	Keypress: u
20.1780 	EXP 	circle_frame: autoDraw = False
20.1780 	EXP 	stim_image: autoDraw = False
20.1780 	EXP 	stim_image: image = 'media/danb.png'
20.1780 	EXP 	circle_frame: autoDraw = True
20.1780 	EXP 	stim_image: autoDraw = True
21.3964 	EXP 	New trial (rep=0, index=3): OrderedDict([('Stim', 'c'), ('CorrResp', 'i'), ('imStim', 'media/dcnb.png')])
21.4084 	DATA 	Keypress: i
21.4196 	EXP 	circle_frame: autoDraw = False
21.4196 	EXP 	stim_image: autoDraw = False
21.4196 	EXP 	stim_image: image = 'media/dcnb.png'
21.4196 	EXP 	circle_frame: autoDraw = True
21.4196 	EXP 	stim_image: autoDraw = True
22.0130 	EXP 	New trial (rep=0, index=4): OrderedDict([('Stim', 'e'), ('CorrResp', 'h'), ('imStim', 'media/denb.png')])
22.0263 	DATA 	Keypress: l
22.0375 	EXP 	circle_frame: autoDraw = False
22.0375 	EXP 	stim_image: autoDraw = False
22.0375 	EXP 	stim_image: image = 'media/denb.png'
22.0375 	EXP 	circle_frame: autoDraw = True
22.0375 	EXP 	stim_image: autoDraw = True
22.4504 	EXP 	New trial (rep=0, index=5): OrderedDict([('Stim', 'h'), ('CorrResp', 'l'), ('imStim', 'media/dhnb.png')])
22.4594 	DATA 	Keypress: h
22.4707 	EXP 	circle_frame: autoDraw = False
22.4707 	EXP 	stim_image: autoDraw = False
22.4707 	EXP 	stim_image: image = 'media/dhnb.png'
22.4707 	EXP 	circle_frame: autoDraw = True
22.4707 	EXP 	stim_image: autoDraw = True
22.7003 	EXP 	New trial (rep=0, index=6): OrderedDict([('Stim', 'g'), ('CorrResp', 'i'), ('imStim', 'media/dgnb.png')])
22.7095 	DATA 	Keypress: u
22.7208 	EXP 	circle_frame: autoDraw = False
22.7208 	EXP 	stim_image: autoDraw = False
22.7208 	EXP 	stim_image: image = 'media/dgnb.png'
22.7208 	EXP 	circle_frame: autoDraw = True
22.7208 	EXP 	stim_image: autoDraw = True
22.9712 	EXP 	New trial (rep=0, index=7): OrderedDict([('Stim', 'f'), ('CorrResp', 'u'), ('imStim', 'media/dfnb.png')])
22.9826 	DATA 	Keypress: i
22.9975 	EXP 	circle_frame: autoDraw = False
22.9975 	EXP 	stim_image: autoDraw = False
22.9975 	EXP 	stim_image: image = 'media/dfnb.png'
22.9975 	EXP 	circle_frame: autoDraw = True
22.9975 	EXP 	stim_image: autoDraw = True
23.2328 	DATA 	Keypress: l
23.2531 	EXP 	New trial (rep=1, index=0): OrderedDict([('Stim', 'd'), ('CorrResp', 'l'), ('imStim', 'media/ddnb.png')])
23.2751 	EXP 	circle_frame: autoDraw = False
23.2751 	EXP 	stim_image: autoDraw = False
23.2751 	EXP 	stim_image: image = 'media/ddnb.png'
23.2751 	EXP 	circle_frame: autoDraw = True
23.2751 	EXP 	stim_image: autoDraw = True
23.5007 	EXP 	New trial (rep=1, index=1): OrderedDict([('Stim', 'e'), ('CorrResp', 'h'), ('imStim', 'media/denb.png')])
23.5063 	DATA 	Keypress: h
23.5177 	EXP 	circle_frame: autoDraw = False
23.5177 	EXP 	stim_image: autoDraw = False
23.5177 	EXP 	stim_image: image = 'media/denb.png'
23.5177 	EXP 	circle_frame: autoDraw = True
23.5177 	EXP 	stim_image: autoDraw = True
23.7834 	EXP 	New trial (rep=1, index=2): OrderedDict([('Stim', 'h'), ('CorrResp', 'l'), ('imStim', 'media/dhnb.png')])
23.7881 	DATA 	Keypress: u
23.7995 	EXP 	circle_frame: autoDraw = False
23.7995 	EXP 	stim_image: autoDraw = False
23.7995 	EXP 	stim_image: image = 'media/dhnb.png'
23.7995 	EXP 	circle_frame: autoDraw = True
23.7995 	EXP 	stim_image: autoDraw = True
24.0319 	EXP 	New trial (rep=1, index=3): OrderedDict([('Stim', 'b'), ('CorrResp', 'u'), ('imStim', 'media/dbnb.png')])
24.0362 	DATA 	Keypress: i
24.0475 	EXP 	circle_frame: autoDraw = False
24.0475 	EXP 	stim_image: autoDraw = False
24.0475 	EXP 	stim_image: image = 'media/dbnb.png'
24.0475 	EXP 	circle_frame: autoDraw = True
24.0475 	EXP 	stim_image: autoDraw = True
24.3065 	EXP 	New trial (rep=1, index=4): OrderedDict([('Stim', 'g'), ('CorrResp', 'i'), ('imStim', 'media/dgnb.png')])
24.3136 	DATA 	Keypress: l
24.3304 	EXP 	circle_frame: autoDraw = False
24.3304 	EXP 	stim_image: autoDraw = False
24.3304 	EXP 	stim_image: image = 'media/dgnb.png'
24.3304 	EXP 	circle_frame: autoDraw = True
24.3304 	EXP 	stim_image: autoDraw = True
24.6518 	EXP 	New trial (rep=1, index=5): OrderedDict([('Stim', 'c'), ('CorrResp', 'i'), ('imStim', 'media/dcnb.png')])
24.6556 	DATA 	Keypress: h
24.6731 	EXP 	circle_frame: autoDraw = False
24.6731 	EXP 	stim_image: autoDraw = False
24.6731 	EXP 	stim_image: image = 'media/dcnb.png'
24.6731 	EXP 	circle_frame: autoDraw = True
24.6731 	EXP 	stim_image: autoDraw = True
24.8680 	EXP 	New trial (rep=1, index=6): OrderedDict([('Stim', 'f'), ('CorrResp', 'u'), ('imStim', 'media/dfnb.png')])
24.8730 	DATA 	Keypress: u
24.8840 	EXP 	circle_frame: autoDraw = False
24.8840 	EXP 	stim_image: autoDraw = False
24.8840 	EXP 	stim_image: image = 'media/dfnb.png'
24.8840 	EXP 	circle_frame: autoDraw = True
24.8840 	EXP 	stim_image: autoDraw = True
25.0917 	EXP 	New trial (rep=1, index=7): OrderedDict([('Stim', 'a'), ('CorrResp', 'h'), ('imStim', 'media/danb.png')])
25.0951 	DATA 	Keypress: i
25.1060 	EXP 	circle_frame: autoDraw = False
25.1060 	EXP 	stim_image: autoDraw = False
25.1060 	EXP 	stim_image: image = 'media/danb.png'
25.1060 	EXP 	circle_frame: autoDraw = True
25.1060 	EXP 	stim_image: autoDraw = True
25.3089 	EXP 	New trial (rep=2, index=0): OrderedDict([('Stim', 'g'), ('CorrResp', 'i'), ('imStim', 'media/dgnb.png')])
25.3123 	DATA 	Keypress: l
25.3234 	EXP 	circle_frame: autoDraw = False
25.3234 	EXP 	stim_image: autoDraw = False
25.3234 	EXP 	stim_image: image = 'media/dgnb.png'
25.3234 	EXP 	circle_frame: autoDraw = True
25.3234 	EXP 	stim_image: autoDraw = True
25.4952 	EXP 	New trial (rep=2, index=1): OrderedDict([('Stim', 'b'), ('CorrResp', 'u'), ('imStim', 'media/dbnb.png')])
25.5045 	DATA 	Keypress: h
25.5112 	EXP 	circle_frame: autoDraw = False
25.5112 	EXP 	stim_image: autoDraw = False
25.5112 	EXP 	stim_image: image = 'media/dbnb.png'
25.5112 	EXP 	circle_frame: autoDraw = True
25.5112 	EXP 	stim_image: autoDraw = True
25.6744 	EXP 	New trial (rep=2, index=2): OrderedDict([('Stim', 'e'), ('CorrResp', 'h'), ('imStim', 'media/denb.png')])
25.6778 	DATA 	Keypress: u
25.6888 	EXP 	circle_frame: autoDraw = False
25.6888 	EXP 	stim_image: autoDraw = False
25.6888 	EXP 	stim_image: image = 'media/denb.png'
25.6888 	EXP 	circle_frame: autoDraw = True
25.6888 	EXP 	stim_image: autoDraw = True
25.8616 	EXP 	New trial (rep=2, index=3): OrderedDict([('Stim', 'h'), ('CorrResp', 'l'), ('imStim', 'media/dhnb.png')])
25.8684 	DATA 	Keypress: i
25.8745 	EXP 	circle_frame: autoDraw = False
25.8745 	EXP 	stim_image: autoDraw = False
25.8745 	EXP 	stim_image: image = 'media/dhnb.png'
25.8745 	EXP 	circle_frame: autoDraw = True
25.8745 	EXP 	stim_image: autoDraw = True
25.9429 	EXP 	New trial (rep=2, index=4): OrderedDict([('Stim', 'f'), ('CorrResp', 'u'), ('imStim', 'media/dfnb.png')])
25.9491 	DATA 	Keypress: l
25.9568 	EXP 	circle_frame: autoDraw = False
25.9568 	EXP 	stim_image: autoDraw = False
25.9568 	EXP 	stim_image: image = 'media/dfnb.png'
25.9568 	EXP 	circle_frame: autoDraw = True
25.9568 	EXP 	stim_image: autoDraw = True
26.1088 	EXP 	New trial (rep=2, index=5): OrderedDict([('Stim', 'c'), ('CorrResp', 'i'), ('imStim', 'media/dcnb.png')])
26.1129 	DATA 	Keypress: h
26.1232 	EXP 	circle_frame: autoDraw = False
26.1232 	EXP 	stim_image: autoDraw = False
26.1232 	EXP 	stim_image: image = 'media/dcnb.png'
26.1232 	EXP 	circle_frame: autoDraw = True
26.1232 	EXP 	stim_image: autoDraw = True
26.2921 	EXP 	New trial (rep=2, index=6): OrderedDict([('Stim', 'd'), ('CorrResp', 'l'), ('imStim', 'media/ddnb.png')])
26.2955 	DATA 	Keypress: u
26.3065 	EXP 	circle_frame: autoDraw = False
26.3065 	EXP 	stim_image: autoDraw = False
26.3065 	EXP 	stim_image: image = 'media/ddnb.png'
26.3065 	EXP 	circle_frame: autoDraw = True
26.3065 	EXP 	stim_image: autoDraw = True
26.4092 	DATA 	Keypress: h
26.4269 	EXP 	New trial (rep=2, index=7): OrderedDict([('Stim', 'a'), ('CorrResp', 'h'), ('imStim', 'media/danb.png')])
26.4404 	EXP 	circle_frame: autoDraw = False
26.4404 	EXP 	stim_image: autoDraw = False
26.4404 	EXP 	stim_image: image = 'media/danb.png'
26.4404 	EXP 	circle_frame: autoDraw = True
26.4404 	EXP 	stim_image: autoDraw = True
26.5426 	EXP 	New trial (rep=3, index=0): OrderedDict([('Stim', 'f'), ('CorrResp', 'u'), ('imStim', 'media/dfnb.png')])
26.5464 	DATA 	Keypress: u
26.5566 	EXP 	circle_frame: autoDraw = False
26.5566 	EXP 	stim_image: autoDraw = False
26.5566 	EXP 	stim_image: image = 'media/dfnb.png'
26.5566 	EXP 	circle_frame: autoDraw = True
26.5566 	EXP 	stim_image: autoDraw = True
26.6588 	DATA 	Keypress: i
26.6746 	EXP 	New trial (rep=3, index=1): OrderedDict([('Stim', 'c'), ('CorrResp', 'i'), ('imStim', 'media/dcnb.png')])
26.6885 	EXP 	circle_frame: autoDraw = False
26.6885 	EXP 	stim_image: autoDraw = False
26.6885 	EXP 	stim_image: image = 'media/dcnb.png'
26.6885 	EXP 	circle_frame: autoDraw = True
26.6885 	EXP 	stim_image: autoDraw = True
26.7440 	EXP 	New trial (rep=3, index=2): OrderedDict([('Stim', 'e'), ('CorrResp', 'h'), ('imStim', 'media/denb.png')])
26.7507 	DATA 	Keypress: l
26.7573 	EXP 	circle_frame: autoDraw = False
26.7573 	EXP 	stim_image: autoDraw = False
26.7573 	EXP 	stim_image: image = 'media/denb.png'
26.7573 	EXP 	circle_frame: autoDraw = True
26.7573 	EXP 	stim_image: autoDraw = True
26.8410 	EXP 	New trial (rep=3, index=3): OrderedDict([('Stim', 'a'), ('CorrResp', 'h'), ('imStim', 'media/danb.png')])
26.8445 	DATA 	Keypress: h
26.8554 	EXP 	circle_frame: autoDraw = False
26.8554 	EXP 	stim_image: autoDraw = False
26.8554 	EXP 	stim_image: image = 'media/danb.png'
26.8554 	EXP 	circle_frame: autoDraw = True
26.8554 	EXP 	stim_image: autoDraw = True
27.0093 	DATA 	Keypress: u
27.0292 	EXP 	New trial (rep=3, index=4): OrderedDict([('Stim', 'b'), ('CorrResp', 'u'), ('imStim', 'media/dbnb.png')])
27.0456 	EXP 	circle_frame: autoDraw = False
27.0456 	EXP 	stim_image: autoDraw = False
27.0456 	EXP 	stim_image: image = 'media/dbnb.png'
27.0456 	EXP 	circle_frame: autoDraw = True
27.0456 	EXP 	stim_image: autoDraw = True
27.1141 	EXP 	New trial (rep=3, index=5): OrderedDict([('Stim', 'g'), ('CorrResp', 'i'), ('imStim', 'media/dgnb.png')])
27.1228 	DATA 	Keypress: h
27.1292 	EXP 	circle_frame: autoDraw = False
27.1292 	EXP 	stim_image: autoDraw = False
27.1292 	EXP 	stim_image: image = 'media/dgnb.png'
27.1292 	EXP 	circle_frame: autoDraw = True
27.1292 	EXP 	stim_image: autoDraw = True
27.2587 	EXP 	New trial (rep=3, index=6): OrderedDict([('Stim', 'h'), ('CorrResp', 'l'), ('imStim', 'media/dhnb.png')])
27.2622 	DATA 	Keypress: u
27.2734 	EXP 	circle_frame: autoDraw = False
27.2734 	EXP 	stim_image: autoDraw = False
27.2734 	EXP 	stim_image: image = 'media/dhnb.png'
27.2734 	EXP 	circle_frame: autoDraw = True
27.2734 	EXP 	stim_image: autoDraw = True
27.4253 	EXP 	New trial (rep=3, index=7): OrderedDict([('Stim', 'd'), ('CorrResp', 'l'), ('imStim', 'media/ddnb.png')])
27.4296 	DATA 	Keypress: h
27.4401 	EXP 	circle_frame: autoDraw = False
27.4401 	EXP 	stim_image: autoDraw = False
27.4401 	EXP 	stim_image: image = 'media/ddnb.png'
27.4401 	EXP 	circle_frame: autoDraw = True
27.4401 	EXP 	stim_image: autoDraw = True
27.5604 	EXP 	New trial (rep=4, index=0): OrderedDict([('Stim', 'f'), ('CorrResp', 'u'), ('imStim', 'media/dfnb.png')])
27.5669 	DATA 	Keypress: l
27.5741 	EXP 	circle_frame: autoDraw = False
27.5741 	EXP 	stim_image: autoDraw = False
27.5741 	EXP 	stim_image: image = 'media/dfnb.png'
27.5741 	EXP 	circle_frame: autoDraw = True
27.5741 	EXP 	stim_image: autoDraw = True
27.6033 	EXP 	New trial (rep=4, index=1): OrderedDict([('Stim', 'a'), ('CorrResp', 'h'), ('imStim', 'media/danb.png')])
27.6067 	DATA 	Keypress: i
27.6199 	EXP 	circle_frame: autoDraw = False
27.6199 	EXP 	stim_image: autoDraw = False
27.6199 	EXP 	stim_image: image = 'media/danb.png'
27.6199 	EXP 	circle_frame: autoDraw = True
27.6199 	EXP 	stim_image: autoDraw = True
27.6406 	DATA 	Keypress: u
27.6578 	EXP 	New trial (rep=4, index=2): OrderedDict([('Stim', 'h'), ('CorrResp', 'l'), ('imStim', 'media/dhnb.png')])
27.6725 	EXP 	circle_frame: autoDraw = False
27.6725 	EXP 	stim_image: autoDraw = False
27.6725 	EXP 	stim_image: image = 'media/dhnb.png'
27.6725 	EXP 	circle_frame: autoDraw = True
27.6725 	EXP 	stim_image: autoDraw = True
27.7107 	EXP 	New trial (rep=4, index=3): OrderedDict([('Stim', 'c'), ('CorrResp', 'i'), ('imStim', 'media/dcnb.png')])
27.7145 	DATA 	Keypress: h
27.7237 	EXP 	circle_frame: autoDraw = False
27.7237 	EXP 	stim_image: autoDraw = False
27.7237 	EXP 	stim_image: image = 'media/dcnb.png'
27.7237 	EXP 	circle_frame: autoDraw = True
27.7237 	EXP 	stim_image: autoDraw = True
27.8415 	EXP 	New trial (rep=4, index=4): OrderedDict([('Stim', 'd'), ('CorrResp', 'l'), ('imStim', 'media/ddnb.png')])
27.8449 	DATA 	Keypress: i
27.8563 	EXP 	circle_frame: autoDraw = False
27.8563 	EXP 	stim_image: autoDraw = False
27.8563 	EXP 	stim_image: image = 'media/ddnb.png'
27.8563 	EXP 	circle_frame: autoDraw = True
27.8563 	EXP 	stim_image: autoDraw = True
27.9411 	EXP 	New trial (rep=4, index=5): OrderedDict([('Stim', 'e'), ('CorrResp', 'h'), ('imStim', 'media/denb.png')])
27.9446 	DATA 	Keypress: u
27.9562 	EXP 	circle_frame: autoDraw = False
27.9562 	EXP 	stim_image: autoDraw = False
27.9562 	EXP 	stim_image: image = 'media/denb.png'
27.9562 	EXP 	circle_frame: autoDraw = True
27.9562 	EXP 	stim_image: autoDraw = True
27.9613 	DATA 	Keypress: h
28.1138 	EXP 	New trial (rep=4, index=6): OrderedDict([('Stim', 'g'), ('CorrResp', 'i'), ('imStim', 'media/dgnb.png')])
28.1254 	DATA 	Keypress: i
28.1332 	EXP 	circle_frame: autoDraw = False
28.1332 	EXP 	stim_image: autoDraw = False
28.1332 	EXP 	stim_image: image = 'media/dgnb.png'
28.1332 	EXP 	circle_frame: autoDraw = True
28.1332 	EXP 	stim_image: autoDraw = True
28.1597 	EXP 	New trial (rep=4, index=7): OrderedDict([('Stim', 'b'), ('CorrResp', 'u'), ('imStim', 'media/dbnb.png')])
28.1638 	DATA 	Keypress: u
28.1743 	EXP 	circle_frame: autoDraw = False
28.1743 	EXP 	stim_image: autoDraw = False
28.1743 	EXP 	stim_image: image = 'media/dbnb.png'
28.1743 	EXP 	circle_frame: autoDraw = True
28.1743 	EXP 	stim_image: autoDraw = True
28.2284 	EXP 	New trial (rep=5, index=0): OrderedDict([('Stim', 'f'), ('CorrResp', 'u'), ('imStim', 'media/dfnb.png')])
28.2366 	DATA 	Keypress: l
28.2369 	DATA 	Keypress: h
28.2436 	EXP 	circle_frame: autoDraw = False
28.2436 	EXP 	stim_image: autoDraw = False
28.2436 	EXP 	stim_image: image = 'media/dfnb.png'
28.2436 	EXP 	circle_frame: autoDraw = True
28.2436 	EXP 	stim_image: autoDraw = True
28.3597 	EXP 	New trial (rep=5, index=1): OrderedDict([('Stim', 'c'), ('CorrResp', 'i'), ('imStim', 'media/dcnb.png')])
28.3631 	DATA 	Keypress: u
28.3823 	EXP 	circle_frame: autoDraw = False
28.3823 	EXP 	stim_image: autoDraw = False
28.3823 	EXP 	stim_image: image = 'media/dcnb.png'
28.3823 	EXP 	circle_frame: autoDraw = True
28.3823 	EXP 	stim_image: autoDraw = True
28.3881 	DATA 	Keypress: i
28.4093 	EXP 	New trial (rep=5, index=2): OrderedDict([('Stim', 'e'), ('CorrResp', 'h'), ('imStim', 'media/denb.png')])
28.4126 	DATA 	Keypress: l
28.4240 	EXP 	circle_frame: autoDraw = False
28.4240 	EXP 	stim_image: autoDraw = False
28.4240 	EXP 	stim_image: image = 'media/denb.png'
28.4240 	EXP 	circle_frame: autoDraw = True
28.4240 	EXP 	stim_image: autoDraw = True
28.4756 	EXP 	New trial (rep=5, index=3): OrderedDict([('Stim', 'g'), ('CorrResp', 'i'), ('imStim', 'media/dgnb.png')])
28.4795 	DATA 	Keypress: h
28.4907 	EXP 	circle_frame: autoDraw = False
28.4907 	EXP 	stim_image: autoDraw = False
28.4907 	EXP 	stim_image: image = 'media/dgnb.png'
28.4907 	EXP 	circle_frame: autoDraw = True
28.4907 	EXP 	stim_image: autoDraw = True
28.6085 	EXP 	New trial (rep=5, index=4): OrderedDict([('Stim', 'd'), ('CorrResp', 'l'), ('imStim', 'media/ddnb.png')])
28.6128 	DATA 	Keypress: i
28.6247 	EXP 	circle_frame: autoDraw = False
28.6247 	EXP 	stim_image: autoDraw = False
28.6247 	EXP 	stim_image: image = 'media/ddnb.png'
28.6247 	EXP 	circle_frame: autoDraw = True
28.6247 	EXP 	stim_image: autoDraw = True
28.6307 	DATA 	Keypress: u
28.6474 	EXP 	New trial (rep=5, index=5): OrderedDict([('Stim', 'b'), ('CorrResp', 'u'), ('imStim', 'media/dbnb.png')])
28.6541 	DATA 	Keypress: l
28.6612 	EXP 	circle_frame: autoDraw = False
28.6612 	EXP 	stim_image: autoDraw = False
28.6612 	EXP 	stim_image: image = 'media/dbnb.png'
28.6612 	EXP 	circle_frame: autoDraw = True
28.6612 	EXP 	stim_image: autoDraw = True
28.7266 	EXP 	New trial (rep=5, index=6): OrderedDict([('Stim', 'h'), ('CorrResp', 'l'), ('imStim', 'media/dhnb.png')])
28.7320 	DATA 	Keypress: h
28.7415 	EXP 	circle_frame: autoDraw = False
28.7415 	EXP 	stim_image: autoDraw = False
28.7415 	EXP 	stim_image: image = 'media/dhnb.png'
28.7415 	EXP 	circle_frame: autoDraw = True
28.7415 	EXP 	stim_image: autoDraw = True
28.8458 	EXP 	New trial (rep=5, index=7): OrderedDict([('Stim', 'a'), ('CorrResp', 'h'), ('imStim', 'media/danb.png')])
28.8536 	DATA 	Keypress: i
28.8539 	DATA 	Keypress: u
28.8610 	EXP 	circle_frame: autoDraw = False
28.8610 	EXP 	stim_image: autoDraw = False
28.8610 	EXP 	stim_image: image = 'media/danb.png'
28.8610 	EXP 	circle_frame: autoDraw = True
28.8610 	EXP 	stim_image: autoDraw = True
28.8869 	EXP 	New trial (rep=6, index=0): OrderedDict([('Stim', 'c'), ('CorrResp', 'i'), ('imStim', 'media/dcnb.png')])
28.8904 	DATA 	Keypress: l
28.9035 	EXP 	circle_frame: autoDraw = False
28.9035 	EXP 	stim_image: autoDraw = False
28.9035 	EXP 	stim_image: image = 'media/dcnb.png'
28.9035 	EXP 	circle_frame: autoDraw = True
28.9035 	EXP 	stim_image: autoDraw = True
28.9595 	EXP 	New trial (rep=6, index=1): OrderedDict([('Stim', 'd'), ('CorrResp', 'l'), ('imStim', 'media/ddnb.png')])
28.9650 	DATA 	Keypress: h
28.9749 	EXP 	circle_frame: autoDraw = False
28.9749 	EXP 	stim_image: autoDraw = False
28.9749 	EXP 	stim_image: image = 'media/ddnb.png'
28.9749 	EXP 	circle_frame: autoDraw = True
28.9749 	EXP 	stim_image: autoDraw = True
29.0583 	DATA 	Keypress: i
29.0753 	EXP 	New trial (rep=6, index=2): OrderedDict([('Stim', 'a'), ('CorrResp', 'h'), ('imStim', 'media/danb.png')])
29.0796 	DATA 	Keypress: u
29.0917 	EXP 	circle_frame: autoDraw = False
29.0917 	EXP 	stim_image: autoDraw = False
29.0917 	EXP 	stim_image: image = 'media/danb.png'
29.0917 	EXP 	circle_frame: autoDraw = True
29.0917 	EXP 	stim_image: autoDraw = True
29.1784 	DATA 	Keypress: h
29.1955 	EXP 	New trial (rep=6, index=3): OrderedDict([('Stim', 'h'), ('CorrResp', 'l'), ('imStim', 'media/dhnb.png')])
29.2081 	EXP 	circle_frame: autoDraw = False
29.2081 	EXP 	stim_image: autoDraw = False
29.2081 	EXP 	stim_image: image = 'media/dhnb.png'
29.2081 	EXP 	circle_frame: autoDraw = True
29.2081 	EXP 	stim_image: autoDraw = True
29.3148 	EXP 	New trial (rep=6, index=4): OrderedDict([('Stim', 'g'), ('CorrResp', 'i'), ('imStim', 'media/dgnb.png')])
29.3237 	DATA 	Keypress: i
29.3314 	EXP 	circle_frame: autoDraw = False
29.3314 	EXP 	stim_image: autoDraw = False
29.3314 	EXP 	stim_image: image = 'media/dgnb.png'
29.3314 	EXP 	circle_frame: autoDraw = True
29.3314 	EXP 	stim_image: autoDraw = True
29.3370 	DATA 	Keypress: u
29.4460 	EXP 	New trial (rep=6, index=5): OrderedDict([('Stim', 'e'), ('CorrResp', 'h'), ('imStim', 'media/denb.png')])
29.4514 	DATA 	Keypress: h
29.4588 	EXP 	circle_frame: autoDraw = False
29.4588 	EXP 	stim_image: autoDraw = False
29.4588 	EXP 	stim_image: image = 'media/denb.png'
29.4588 	EXP 	circle_frame: autoDraw = True
29.4588 	EXP 	stim_image: autoDraw = True
29.5590 	EXP 	New trial (rep=6, index=6): OrderedDict([('Stim', 'f'), ('CorrResp', 'u'), ('imStim', 'media/dfnb.png')])
29.5622 	DATA 	Keypress: i
29.5753 	EXP 	circle_frame: autoDraw = False
29.5753 	EXP 	stim_image: autoDraw = False
29.5753 	EXP 	stim_image: image = 'media/dfnb.png'
29.5753 	EXP 	circle_frame: autoDraw = True
29.5753 	EXP 	stim_image: autoDraw = True
29.5828 	DATA 	Keypress: l
29.6975 	EXP 	New trial (rep=6, index=7): OrderedDict([('Stim', 'b'), ('CorrResp', 'u'), ('imStim', 'media/dbnb.png')])
29.7064 	DATA 	Keypress: h
29.7145 	EXP 	circle_frame: autoDraw = False
29.7145 	EXP 	stim_image: autoDraw = False
29.7145 	EXP 	stim_image: image = 'media/dbnb.png'
29.7145 	EXP 	circle_frame: autoDraw = True
29.7145 	EXP 	stim_image: autoDraw = True
29.8372 	EXP 	New trial (rep=7, index=0): OrderedDict([('Stim', 'a'), ('CorrResp', 'h'), ('imStim', 'media/danb.png')])
29.8415 	DATA 	Keypress: i
29.8417 	DATA 	Keypress: u
29.8545 	EXP 	circle_frame: autoDraw = False
29.8545 	EXP 	stim_image: autoDraw = False
29.8545 	EXP 	stim_image: image = 'media/danb.png'
29.8545 	EXP 	circle_frame: autoDraw = True
29.8545 	EXP 	stim_image: autoDraw = True
29.9544 	EXP 	New trial (rep=7, index=1): OrderedDict([('Stim', 'e'), ('CorrResp', 'h'), ('imStim', 'media/denb.png')])
29.9624 	DATA 	Keypress: h
29.9712 	EXP 	circle_frame: autoDraw = False
29.9712 	EXP 	stim_image: autoDraw = False
29.9712 	EXP 	stim_image: image = 'media/denb.png'
29.9712 	EXP 	circle_frame: autoDraw = True
29.9712 	EXP 	stim_image: autoDraw = True
30.0753 	EXP 	New trial (rep=7, index=2): OrderedDict([('Stim', 'g'), ('CorrResp', 'i'), ('imStim', 'media/dgnb.png')])
30.0840 	DATA 	Keypress: i
30.0939 	EXP 	circle_frame: autoDraw = False
30.0939 	EXP 	stim_image: autoDraw = False
30.0939 	EXP 	stim_image: image = 'media/dgnb.png'
30.0939 	EXP 	circle_frame: autoDraw = True
30.0939 	EXP 	stim_image: autoDraw = True
30.1032 	DATA 	Keypress: u
30.1938 	EXP 	New trial (rep=7, index=3): OrderedDict([('Stim', 'b'), ('CorrResp', 'u'), ('imStim', 'media/dbnb.png')])
30.1973 	DATA 	Keypress: h
30.2090 	EXP 	circle_frame: autoDraw = False
30.2090 	EXP 	stim_image: autoDraw = False
30.2090 	EXP 	stim_image: image = 'media/dbnb.png'
30.2090 	EXP 	circle_frame: autoDraw = True
30.2090 	EXP 	stim_image: autoDraw = True
30.4711 	EXP 	New trial (rep=7, index=4): OrderedDict([('Stim', 'f'), ('CorrResp', 'u'), ('imStim', 'media/dfnb.png')])
30.4746 	DATA 	Keypress: h
30.4885 	EXP 	circle_frame: autoDraw = False
30.4885 	EXP 	stim_image: autoDraw = False
30.4885 	EXP 	stim_image: image = 'media/dfnb.png'
30.4885 	EXP 	circle_frame: autoDraw = True
30.4885 	EXP 	stim_image: autoDraw = True
30.7717 	EXP 	New trial (rep=7, index=5): OrderedDict([('Stim', 'c'), ('CorrResp', 'i'), ('imStim', 'media/dcnb.png')])
30.7778 	DATA 	Keypress: h
30.7863 	EXP 	circle_frame: autoDraw = False
30.7863 	EXP 	stim_image: autoDraw = False
30.7863 	EXP 	stim_image: image = 'media/dcnb.png'
30.7863 	EXP 	circle_frame: autoDraw = True
30.7863 	EXP 	stim_image: autoDraw = True
30.8688 	DATA 	Keypress: u
30.8869 	EXP 	New trial (rep=7, index=6): OrderedDict([('Stim', 'd'), ('CorrResp', 'l'), ('imStim', 'media/ddnb.png')])
30.8916 	DATA 	Keypress: i
30.9009 	EXP 	circle_frame: autoDraw = False
30.9009 	EXP 	stim_image: autoDraw = False
30.9009 	EXP 	stim_image: image = 'media/ddnb.png'
30.9009 	EXP 	circle_frame: autoDraw = True
30.9009 	EXP 	stim_image: autoDraw = True
31.0454 	EXP 	New trial (rep=7, index=7): OrderedDict([('Stim', 'h'), ('CorrResp', 'l'), ('imStim', 'media/dhnb.png')])
31.0526 	DATA 	Keypress: h
31.0617 	EXP 	circle_frame: autoDraw = False
31.0617 	EXP 	stim_image: autoDraw = False
31.0617 	EXP 	stim_image: image = 'media/dhnb.png'
31.0617 	EXP 	circle_frame: autoDraw = True
31.0617 	EXP 	stim_image: autoDraw = True
31.2207 	EXP 	New trial (rep=8, index=0): OrderedDict([('Stim', 'b'), ('CorrResp', 'u'), ('imStim', 'media/dbnb.png')])
31.2260 	DATA 	Keypress: l
31.2353 	EXP 	circle_frame: autoDraw = False
31.2353 	EXP 	stim_image: autoDraw = False
31.2353 	EXP 	stim_image: image = 'media/dbnb.png'
31.2353 	EXP 	circle_frame: autoDraw = True
31.2353 	EXP 	stim_image: autoDraw = True
31.2426 	DATA 	Keypress: i
31.2634 	EXP 	New trial (rep=8, index=1): OrderedDict([('Stim', 'g'), ('CorrResp', 'i'), ('imStim', 'media/dgnb.png')])
31.2709 	DATA 	Keypress: u
31.2801 	EXP 	circle_frame: autoDraw = False
31.2801 	EXP 	stim_image: autoDraw = False
31.2801 	EXP 	stim_image: image = 'media/dgnb.png'
31.2801 	EXP 	circle_frame: autoDraw = True
31.2801 	EXP 	stim_image: autoDraw = True
31.3481 	EXP 	New trial (rep=8, index=2): OrderedDict([('Stim', 'd'), ('CorrResp', 'l'), ('imStim', 'media/ddnb.png')])
31.3539 	DATA 	Keypress: h
31.3636 	EXP 	circle_frame: autoDraw = False
31.3636 	EXP 	stim_image: autoDraw = False
31.3636 	EXP 	stim_image: image = 'media/ddnb.png'
31.3636 	EXP 	circle_frame: autoDraw = True
31.3636 	EXP 	stim_image: autoDraw = True
31.5385 	EXP 	New trial (rep=8, index=3): OrderedDict([('Stim', 'e'), ('CorrResp', 'h'), ('imStim', 'media/denb.png')])
31.5454 	DATA 	Keypress: u
31.5554 	EXP 	circle_frame: autoDraw = False
31.5554 	EXP 	stim_image: autoDraw = False
31.5554 	EXP 	stim_image: image = 'media/denb.png'
31.5554 	EXP 	circle_frame: autoDraw = True
31.5554 	EXP 	stim_image: autoDraw = True
31.5866 	EXP 	New trial (rep=8, index=4): OrderedDict([('Stim', 'c'), ('CorrResp', 'i'), ('imStim', 'media/dcnb.png')])
31.5925 	DATA 	Keypress: i
31.6022 	EXP 	circle_frame: autoDraw = False
31.6022 	EXP 	stim_image: autoDraw = False
31.6022 	EXP 	stim_image: image = 'media/dcnb.png'
31.6022 	EXP 	circle_frame: autoDraw = True
31.6022 	EXP 	stim_image: autoDraw = True
31.6659 	DATA 	Keypress: h
31.6886 	EXP 	New trial (rep=8, index=5): OrderedDict([('Stim', 'f'), ('CorrResp', 'u'), ('imStim', 'media/dfnb.png')])
31.7079 	EXP 	circle_frame: autoDraw = False
31.7079 	EXP 	stim_image: autoDraw = False
31.7079 	EXP 	stim_image: image = 'media/dfnb.png'
31.7079 	EXP 	circle_frame: autoDraw = True
31.7079 	EXP 	stim_image: autoDraw = True
31.8517 	EXP 	New trial (rep=8, index=6): OrderedDict([('Stim', 'h'), ('CorrResp', 'l'), ('imStim', 'media/dhnb.png')])
31.8551 	DATA 	Keypress: u
31.8553 	DATA 	Keypress: i
31.8717 	EXP 	circle_frame: autoDraw = False
31.8717 	EXP 	stim_image: autoDraw = False
31.8717 	EXP 	stim_image: image = 'media/dhnb.png'
31.8717 	EXP 	circle_frame: autoDraw = True
31.8717 	EXP 	stim_image: autoDraw = True
31.9752 	EXP 	New trial (rep=8, index=7): OrderedDict([('Stim', 'a'), ('CorrResp', 'h'), ('imStim', 'media/danb.png')])
31.9801 	DATA 	Keypress: h
31.9955 	EXP 	circle_frame: autoDraw = False
31.9955 	EXP 	stim_image: autoDraw = False
31.9955 	EXP 	stim_image: image = 'media/danb.png'
31.9955 	EXP 	circle_frame: autoDraw = True
31.9955 	EXP 	stim_image: autoDraw = True
32.1002 	DATA 	Keypress: u
32.1212 	EXP 	New trial (rep=9, index=0): OrderedDict([('Stim', 'g'), ('CorrResp', 'i'), ('imStim', 'media/dgnb.png')])
32.1285 	DATA 	Keypress: i
32.1451 	EXP 	circle_frame: autoDraw = False
32.1451 	EXP 	stim_image: autoDraw = False
32.1451 	EXP 	stim_image: image = 'media/dgnb.png'
32.1451 	EXP 	circle_frame: autoDraw = True
32.1451 	EXP 	stim_image: autoDraw = True
32.2352 	EXP 	New trial (rep=9, index=1): OrderedDict([('Stim', 'h'), ('CorrResp', 'l'), ('imStim', 'media/dhnb.png')])
32.2410 	DATA 	Keypress: h
32.2578 	EXP 	circle_frame: autoDraw = False
32.2578 	EXP 	stim_image: autoDraw = False
32.2578 	EXP 	stim_image: image = 'media/dhnb.png'
32.2578 	EXP 	circle_frame: autoDraw = True
32.2578 	EXP 	stim_image: autoDraw = True
32.3547 	EXP 	New trial (rep=9, index=2): OrderedDict([('Stim', 'c'), ('CorrResp', 'i'), ('imStim', 'media/dcnb.png')])
32.3609 	DATA 	Keypress: u
32.3793 	EXP 	circle_frame: autoDraw = False
32.3793 	EXP 	stim_image: autoDraw = False
32.3793 	EXP 	stim_image: image = 'media/dcnb.png'
32.3793 	EXP 	circle_frame: autoDraw = True
32.3793 	EXP 	stim_image: autoDraw = True
32.3860 	DATA 	Keypress: i
32.4663 	DATA 	Keypress: h
32.4903 	EXP 	New trial (rep=9, index=3): OrderedDict([('Stim', 'a'), ('CorrResp', 'h'), ('imStim', 'media/danb.png')])
32.5141 	EXP 	circle_frame: autoDraw = False
32.5141 	EXP 	stim_image: autoDraw = False
32.5141 	EXP 	stim_image: image = 'media/danb.png'
32.5141 	EXP 	circle_frame: autoDraw = True
32.5141 	EXP 	stim_image: autoDraw = True
32.6032 	DATA 	Keypress: u
32.6287 	DATA 	Keypress: i
32.6538 	EXP 	New trial (rep=9, index=4): OrderedDict([('Stim', 'd'), ('CorrResp', 'l'), ('imStim', 'media/ddnb.png')])
32.6586 	DATA 	Keypress: l
32.6767 	EXP 	circle_frame: autoDraw = False
32.6767 	EXP 	stim_image: autoDraw = False
32.6767 	EXP 	stim_image: image = 'media/ddnb.png'
32.6767 	EXP 	circle_frame: autoDraw = True
32.6767 	EXP 	stim_image: autoDraw = True
32.7445 	EXP 	New trial (rep=9, index=5): OrderedDict([('Stim', 'e'), ('CorrResp', 'h'), ('imStim', 'media/denb.png')])
32.7509 	DATA 	Keypress: h
32.7642 	EXP 	circle_frame: autoDraw = False
32.7642 	EXP 	stim_image: autoDraw = False
32.7642 	EXP 	stim_image: image = 'media/denb.png'
32.7642 	EXP 	circle_frame: autoDraw = True
32.7642 	EXP 	stim_image: autoDraw = True
32.8523 	DATA 	Keypress: u
32.8766 	EXP 	New trial (rep=9, index=6): OrderedDict([('Stim', 'b'), ('CorrResp', 'u'), ('imStim', 'media/dbnb.png')])
32.8808 	DATA 	Keypress: i
32.8968 	EXP 	circle_frame: autoDraw = False
32.8968 	EXP 	stim_image: autoDraw = False
32.8968 	EXP 	stim_image: image = 'media/dbnb.png'
32.8968 	EXP 	circle_frame: autoDraw = True
32.8968 	EXP 	stim_image: autoDraw = True
32.9933 	EXP 	New trial (rep=9, index=7): OrderedDict([('Stim', 'f'), ('CorrResp', 'u'), ('imStim', 'media/dfnb.png')])
32.9984 	DATA 	Keypress: h
33.0137 	EXP 	circle_frame: autoDraw = False
33.0137 	EXP 	stim_image: autoDraw = False
33.0137 	EXP 	stim_image: image = 'media/dfnb.png'
33.0137 	EXP 	circle_frame: autoDraw = True
33.0137 	EXP 	stim_image: autoDraw = True
33.3540 	DATA 	Keypress: j
33.6271 	DATA 	Keypress: j
33.8121 	DATA 	Keypress: k
34.0740 	DATA 	Keypress: h
34.1040 	EXP 	circle_frame: autoDraw = False
34.1040 	EXP 	stim_image: autoDraw = False
34.1796 	EXP 	window1: mouseVisible = True
